<?xml version="1.0" encoding="UTF-8"?>
<coverage generated="1762713419370" clover="3.2.0">
  <project timestamp="1762713419370" name="All files">
    <metrics statements="155" coveredstatements="151" conditionals="72" coveredconditionals="64" methods="88" coveredmethods="84" elements="315" coveredelements="299" complexity="0" loc="155" ncloc="155" packages="2" files="9" classes="9"/>
    <package name="types">
      <metrics statements="63" coveredstatements="59" conditionals="50" coveredconditionals="42" methods="29" coveredmethods="25"/>
      <file name="common.ts" path="E:\Projects\GitHubProjects\EIA\EIA\src\shared\types\common.ts">
        <metrics statements="26" coveredstatements="26" conditionals="14" coveredconditionals="14" methods="13" coveredmethods="13"/>
        <line num="30" count="1" type="stmt"/>
        <line num="36" count="20" type="stmt"/>
        <line num="48" count="2" type="cond" truecount="2" falsecount="0"/>
        <line num="49" count="1" type="stmt"/>
        <line num="51" count="1" type="stmt"/>
        <line num="59" count="2" type="cond" truecount="2" falsecount="0"/>
        <line num="60" count="1" type="stmt"/>
        <line num="62" count="1" type="stmt"/>
        <line num="70" count="2" type="cond" truecount="2" falsecount="0"/>
        <line num="71" count="1" type="stmt"/>
        <line num="73" count="1" type="stmt"/>
        <line num="81" count="2" type="cond" truecount="2" falsecount="0"/>
        <line num="82" count="1" type="stmt"/>
        <line num="84" count="1" type="stmt"/>
        <line num="92" count="3" type="cond" truecount="4" falsecount="0"/>
        <line num="93" count="2" type="stmt"/>
        <line num="95" count="1" type="stmt"/>
        <line num="103" count="2" type="cond" truecount="2" falsecount="0"/>
        <line num="104" count="1" type="stmt"/>
        <line num="106" count="1" type="stmt"/>
        <line num="214" count="2" type="stmt"/>
        <line num="221" count="2" type="stmt"/>
        <line num="228" count="2" type="stmt"/>
        <line num="237" count="2" type="stmt"/>
        <line num="248" count="5" type="stmt"/>
        <line num="265" count="6" type="stmt"/>
      </file>
      <file name="enums.ts" path="E:\Projects\GitHubProjects\EIA\EIA\src\shared\types\enums.ts">
        <metrics statements="37" coveredstatements="33" conditionals="36" coveredconditionals="28" methods="16" coveredmethods="12"/>
        <line num="58" count="4" type="cond" truecount="2" falsecount="0"/>
        <line num="59" count="4" type="stmt"/>
        <line num="60" count="4" type="stmt"/>
        <line num="61" count="4" type="stmt"/>
        <line num="67" count="4" type="cond" truecount="2" falsecount="0"/>
        <line num="68" count="4" type="stmt"/>
        <line num="69" count="4" type="stmt"/>
        <line num="70" count="4" type="stmt"/>
        <line num="71" count="4" type="stmt"/>
        <line num="77" count="4" type="cond" truecount="2" falsecount="0"/>
        <line num="78" count="4" type="stmt"/>
        <line num="79" count="4" type="stmt"/>
        <line num="80" count="4" type="stmt"/>
        <line num="81" count="4" type="stmt"/>
        <line num="92" count="10" type="cond" truecount="2" falsecount="0"/>
        <line num="99" count="7" type="cond" truecount="2" falsecount="0"/>
        <line num="106" count="4" type="cond" truecount="2" falsecount="0"/>
        <line num="113" count="6" type="cond" truecount="2" falsecount="0"/>
        <line num="120" count="7" type="cond" truecount="2" falsecount="0"/>
        <line num="127" count="0" type="cond" truecount="0" falsecount="2"/>
        <line num="134" count="0" type="cond" truecount="0" falsecount="2"/>
        <line num="141" count="5" type="cond" truecount="2" falsecount="0"/>
        <line num="148" count="0" type="cond" truecount="0" falsecount="2"/>
        <line num="155" count="0" type="cond" truecount="0" falsecount="2"/>
        <line num="162" count="6" type="cond" truecount="2" falsecount="0"/>
        <line num="172" count="4" type="stmt"/>
        <line num="184" count="7" type="stmt"/>
        <line num="185" count="7" type="stmt"/>
        <line num="186" count="7" type="cond" truecount="2" falsecount="0"/>
        <line num="187" count="4" type="cond" truecount="2" falsecount="0"/>
        <line num="188" count="2" type="stmt"/>
        <line num="194" count="4" type="stmt"/>
        <line num="206" count="7" type="stmt"/>
        <line num="207" count="7" type="stmt"/>
        <line num="208" count="7" type="cond" truecount="2" falsecount="0"/>
        <line num="209" count="4" type="cond" truecount="2" falsecount="0"/>
        <line num="210" count="2" type="stmt"/>
      </file>
    </package>
    <package name="types.value-objects">
      <metrics statements="92" coveredstatements="92" conditionals="22" coveredconditionals="22" methods="59" coveredmethods="59"/>
      <file name="background-generation-task.ts" path="E:\Projects\GitHubProjects\EIA\EIA\src\shared\types\value-objects\background-generation-task.ts">
        <metrics statements="10" coveredstatements="10" conditionals="2" coveredconditionals="2" methods="6" coveredmethods="6"/>
        <line num="34" count="1" type="stmt"/>
        <line num="53" count="3" type="stmt"/>
        <line num="54" count="3" type="stmt"/>
        <line num="65" count="2" type="stmt"/>
        <line num="72" count="2" type="stmt"/>
        <line num="79" count="2" type="stmt"/>
        <line num="86" count="2" type="stmt"/>
        <line num="93" count="3" type="cond" truecount="2" falsecount="0"/>
        <line num="94" count="1" type="stmt"/>
        <line num="96" count="2" type="stmt"/>
      </file>
      <file name="completion-condition.ts" path="E:\Projects\GitHubProjects\EIA\EIA\src\shared\types\value-objects\completion-condition.ts">
        <metrics statements="22" coveredstatements="22" conditionals="8" coveredconditionals="8" methods="8" coveredmethods="8"/>
        <line num="64" count="1" type="stmt"/>
        <line num="71" count="1" type="stmt"/>
        <line num="79" count="1" type="stmt"/>
        <line num="89" count="1" type="stmt"/>
        <line num="97" count="1" type="stmt"/>
        <line num="111" count="6" type="stmt"/>
        <line num="112" count="6" type="stmt"/>
        <line num="119" count="3" type="stmt"/>
        <line num="126" count="3" type="stmt"/>
        <line num="133" count="3" type="stmt"/>
        <line num="144" count="2" type="stmt"/>
        <line num="153" count="4" type="cond" truecount="2" falsecount="0"/>
        <line num="154" count="2" type="stmt"/>
        <line num="156" count="2" type="stmt"/>
        <line num="166" count="3" type="cond" truecount="2" falsecount="0"/>
        <line num="167" count="1" type="stmt"/>
        <line num="169" count="2" type="stmt"/>
        <line num="184" count="8" type="cond" truecount="2" falsecount="0"/>
        <line num="185" count="2" type="stmt"/>
        <line num="187" count="6" type="cond" truecount="2" falsecount="0"/>
        <line num="188" count="1" type="stmt"/>
        <line num="190" count="5" type="stmt"/>
      </file>
      <file name="impact-assessment.ts" path="E:\Projects\GitHubProjects\EIA\EIA\src\shared\types\value-objects\impact-assessment.ts">
        <metrics statements="18" coveredstatements="18" conditionals="0" coveredconditionals="0" methods="19" coveredmethods="19"/>
        <line num="51" count="1" type="stmt"/>
        <line num="62" count="1" type="stmt"/>
        <line num="72" count="1" type="stmt"/>
        <line num="87" count="3" type="stmt"/>
        <line num="88" count="3" type="stmt"/>
        <line num="99" count="3" type="stmt"/>
        <line num="100" count="9" type="stmt"/>
        <line num="108" count="2" type="stmt"/>
        <line num="115" count="2" type="stmt"/>
        <line num="116" count="6" type="stmt"/>
        <line num="124" count="2" type="stmt"/>
        <line num="125" count="6" type="stmt"/>
        <line num="133" count="2" type="stmt"/>
        <line num="140" count="2" type="stmt"/>
        <line num="147" count="2" type="stmt"/>
        <line num="154" count="1" type="stmt"/>
        <line num="155" count="3" type="stmt"/>
        <line num="163" count="1" type="stmt"/>
      </file>
      <file name="input-document-ref.ts" path="E:\Projects\GitHubProjects\EIA\EIA\src\shared\types\value-objects\input-document-ref.ts">
        <metrics statements="8" coveredstatements="8" conditionals="2" coveredconditionals="2" methods="2" coveredmethods="2"/>
        <line num="30" count="1" type="stmt"/>
        <line num="35" count="1" type="stmt"/>
        <line num="51" count="3" type="stmt"/>
        <line num="52" count="3" type="stmt"/>
        <line num="69" count="5" type="stmt"/>
        <line num="77" count="5" type="cond" truecount="2" falsecount="0"/>
        <line num="78" count="2" type="stmt"/>
        <line num="81" count="3" type="stmt"/>
      </file>
      <file name="prerequisite.ts" path="E:\Projects\GitHubProjects\EIA\EIA\src\shared\types\value-objects\prerequisite.ts">
        <metrics statements="13" coveredstatements="13" conditionals="2" coveredconditionals="2" methods="14" coveredmethods="14"/>
        <line num="34" count="1" type="stmt"/>
        <line num="49" count="4" type="stmt"/>
        <line num="50" count="4" type="stmt"/>
        <line num="61" count="4" type="stmt"/>
        <line num="62" count="10" type="stmt"/>
        <line num="63" count="4" type="stmt"/>
        <line num="70" count="8" type="cond" truecount="2" falsecount="0"/>
        <line num="77" count="6" type="stmt"/>
        <line num="84" count="8" type="stmt"/>
        <line num="97" count="4" type="stmt"/>
        <line num="98" count="4" type="stmt"/>
        <line num="99" count="4" type="stmt"/>
        <line num="101" count="2" type="stmt"/>
      </file>
      <file name="trigger-source.ts" path="E:\Projects\GitHubProjects\EIA\EIA\src\shared\types\value-objects\trigger-source.ts">
        <metrics statements="14" coveredstatements="14" conditionals="6" coveredconditionals="6" methods="5" coveredmethods="5"/>
        <line num="29" count="1" type="stmt"/>
        <line num="34" count="1" type="stmt"/>
        <line num="49" count="4" type="stmt"/>
        <line num="50" count="4" type="stmt"/>
        <line num="66" count="4" type="stmt"/>
        <line num="73" count="4" type="cond" truecount="2" falsecount="0"/>
        <line num="74" count="2" type="stmt"/>
        <line num="77" count="2" type="stmt"/>
        <line num="88" count="8" type="stmt"/>
        <line num="95" count="7" type="stmt"/>
        <line num="96" count="7" type="cond" truecount="2" falsecount="0"/>
        <line num="103" count="4" type="cond" truecount="2" falsecount="0"/>
        <line num="104" count="2" type="stmt"/>
        <line num="106" count="2" type="stmt"/>
      </file>
      <file name="validation-issue.ts" path="E:\Projects\GitHubProjects\EIA\EIA\src\shared\types\value-objects\validation-issue.ts">
        <metrics statements="7" coveredstatements="7" conditionals="2" coveredconditionals="2" methods="5" coveredmethods="5"/>
        <line num="35" count="1" type="stmt"/>
        <line num="54" count="3" type="stmt"/>
        <line num="55" count="3" type="stmt"/>
        <line num="66" count="3" type="cond" truecount="2" falsecount="0"/>
        <line num="73" count="2" type="stmt"/>
        <line num="80" count="2" type="stmt"/>
        <line num="87" count="2" type="stmt"/>
      </file>
    </package>
  </project>
</coverage>
