{"E:\\Projects\\GitHubProjects\\EIA\\EIA\\prisma\\setup-tests.ts": {"path":"E:\\Projects\\GitHubProjects\\EIA\\EIA\\prisma\\setup-tests.ts","statementMap":{"0":{"start":{"line":8,"column":21},"end":{"line":8,"column":null}},"1":{"start":{"line":9,"column":2},"end":{"line":13,"column":null}},"2":{"start":{"line":11,"column":19},"end":{"line":11,"column":null}},"3":{"start":{"line":12,"column":4},"end":{"line":12,"column":null}},"4":{"start":{"line":15,"column":0},"end":{"line":15,"column":null}},"5":{"start":{"line":17,"column":19},"end":{"line":17,"column":null}},"6":{"start":{"line":19,"column":0},"end":{"line":21,"column":null}},"7":{"start":{"line":20,"column":2},"end":{"line":20,"column":null}},"8":{"start":{"line":23,"column":26},"end":{"line":23,"column":null}},"9":{"start":{"line":26,"column":0},"end":{"line":26,"column":null}},"10":{"start":{"line":28,"column":34},"end":{"line":28,"column":null}},"11":{"start":{"line":31,"column":2},"end":{"line":43,"column":null}},"12":{"start":{"line":33,"column":4},"end":{"line":36,"column":null}},"13":{"start":{"line":37,"column":4},"end":{"line":39,"column":null}},"14":{"start":{"line":41,"column":4},"end":{"line":41,"column":null}},"15":{"start":{"line":42,"column":4},"end":{"line":42,"column":null}},"16":{"start":{"line":47,"column":2},"end":{"line":50,"column":null}},"17":{"start":{"line":48,"column":4},"end":{"line":48,"column":null}},"18":{"start":{"line":49,"column":4},"end":{"line":49,"column":null}},"19":{"start":{"line":53,"column":0},"end":{"line":55,"column":null}},"20":{"start":{"line":54,"column":2},"end":{"line":54,"column":null}},"21":{"start":{"line":57,"column":0},"end":{"line":59,"column":null}},"22":{"start":{"line":58,"column":2},"end":{"line":58,"column":null}},"23":{"start":{"line":62,"column":2},"end":{"line":66,"column":null}},"24":{"start":{"line":63,"column":4},"end":{"line":65,"column":null}},"25":{"start":{"line":67,"column":2},"end":{"line":67,"column":null}}},"fnMap":{"0":{"name":"loadEnv","decl":{"start":{"line":7,"column":9},"end":{"line":7,"column":19}},"loc":{"start":{"line":7,"column":19},"end":{"line":14,"column":null}},"line":7},"1":{"name":"setup","decl":{"start":{"line":30,"column":22},"end":{"line":30,"column":30}},"loc":{"start":{"line":30,"column":30},"end":{"line":44,"column":null}},"line":30},"2":{"name":"teardown","decl":{"start":{"line":46,"column":22},"end":{"line":46,"column":33}},"loc":{"start":{"line":46,"column":33},"end":{"line":51,"column":null}},"line":46},"3":{"name":"(anonymous_3)","decl":{"start":{"line":53,"column":10},"end":{"line":53,"column":22}},"loc":{"start":{"line":53,"column":22},"end":{"line":55,"column":1}},"line":53},"4":{"name":"(anonymous_4)","decl":{"start":{"line":57,"column":9},"end":{"line":57,"column":21}},"loc":{"start":{"line":57,"column":21},"end":{"line":59,"column":1}},"line":57},"5":{"name":"getTestPrisma","decl":{"start":{"line":61,"column":16},"end":{"line":61,"column":46}},"loc":{"start":{"line":61,"column":46},"end":{"line":68,"column":null}},"line":61}},"branchMap":{"0":{"loc":{"start":{"line":9,"column":2},"end":{"line":13,"column":null}},"type":"if","locations":[{"start":{"line":9,"column":2},"end":{"line":13,"column":null}},{"start":{},"end":{}}],"line":9},"1":{"loc":{"start":{"line":19,"column":0},"end":{"line":21,"column":null}},"type":"if","locations":[{"start":{"line":19,"column":0},"end":{"line":21,"column":null}},{"start":{},"end":{}}],"line":19},"2":{"loc":{"start":{"line":23,"column":26},"end":{"line":23,"column":null}},"type":"binary-expr","locations":[{"start":{"line":23,"column":26},"end":{"line":23,"column":40}},{"start":{"line":23,"column":40},"end":{"line":23,"column":null}}],"line":23},"3":{"loc":{"start":{"line":47,"column":2},"end":{"line":50,"column":null}},"type":"if","locations":[{"start":{"line":47,"column":2},"end":{"line":50,"column":null}},{"start":{},"end":{}}],"line":47},"4":{"loc":{"start":{"line":62,"column":2},"end":{"line":66,"column":null}},"type":"if","locations":[{"start":{"line":62,"column":2},"end":{"line":66,"column":null}},{"start":{},"end":{}}],"line":62}},"s":{"0":6,"1":6,"2":6,"3":6,"4":6,"5":6,"6":6,"7":0,"8":6,"9":6,"10":6,"11":6,"12":6,"13":6,"14":0,"15":0,"16":6,"17":6,"18":6,"19":6,"20":6,"21":6,"22":6,"23":22,"24":6,"25":22},"f":{"0":6,"1":6,"2":6,"3":6,"4":6,"5":22},"b":{"0":[6,0],"1":[0,6],"2":[6,0],"3":[6,0],"4":[6,16]},"meta":{"lastBranch":5,"lastFunction":6,"lastStatement":26,"seen":{"f:7:9:7:19":0,"s:8:21:8:Infinity":0,"b:9:2:13:Infinity:undefined:undefined:undefined:undefined":0,"s:9:2:13:Infinity":1,"s:11:19:11:Infinity":2,"s:12:4:12:Infinity":3,"s:15:0:15:Infinity":4,"s:17:19:17:Infinity":5,"b:19:0:21:Infinity:undefined:undefined:undefined:undefined":1,"s:19:0:21:Infinity":6,"s:20:2:20:Infinity":7,"s:23:26:23:Infinity":8,"b:23:26:23:40:23:40:23:Infinity":2,"s:26:0:26:Infinity":9,"s:28:34:28:Infinity":10,"f:30:22:30:30":1,"s:31:2:43:Infinity":11,"s:33:4:36:Infinity":12,"s:37:4:39:Infinity":13,"s:41:4:41:Infinity":14,"s:42:4:42:Infinity":15,"f:46:22:46:33":2,"b:47:2:50:Infinity:undefined:undefined:undefined:undefined":3,"s:47:2:50:Infinity":16,"s:48:4:48:Infinity":17,"s:49:4:49:Infinity":18,"s:53:0:55:Infinity":19,"f:53:10:53:22":3,"s:54:2:54:Infinity":20,"s:57:0:59:Infinity":21,"f:57:9:57:21":4,"s:58:2:58:Infinity":22,"f:61:16:61:46":5,"b:62:2:66:Infinity:undefined:undefined:undefined:undefined":4,"s:62:2:66:Infinity":23,"s:63:4:65:Infinity":24,"s:67:2:67:Infinity":25}}}
,"E:\\Projects\\GitHubProjects\\EIA\\EIA\\prisma\\__tests__\\utils\\db-cleanup.ts": {"path":"E:\\Projects\\GitHubProjects\\EIA\\EIA\\prisma\\__tests__\\utils\\db-cleanup.ts","statementMap":{"0":{"start":{"line":4,"column":8},"end":{"line":4,"column":null}},"1":{"start":{"line":5,"column":2},"end":{"line":7,"column":null}},"2":{"start":{"line":11,"column":8},"end":{"line":11,"column":null}},"3":{"start":{"line":12,"column":2},"end":{"line":14,"column":null}},"4":{"start":{"line":18,"column":8},"end":{"line":18,"column":null}},"5":{"start":{"line":19,"column":2},"end":{"line":21,"column":null}},"6":{"start":{"line":25,"column":8},"end":{"line":25,"column":null}},"7":{"start":{"line":26,"column":2},"end":{"line":29,"column":null}}},"fnMap":{"0":{"name":"cleanupTestUsers","decl":{"start":{"line":3,"column":22},"end":{"line":3,"column":56}},"loc":{"start":{"line":3,"column":56},"end":{"line":8,"column":null}},"line":3},"1":{"name":"cleanupTestDocTypes","decl":{"start":{"line":10,"column":22},"end":{"line":10,"column":59}},"loc":{"start":{"line":10,"column":59},"end":{"line":15,"column":null}},"line":10},"2":{"name":"cleanupCustomTemplates","decl":{"start":{"line":17,"column":22},"end":{"line":17,"column":62}},"loc":{"start":{"line":17,"column":62},"end":{"line":22,"column":null}},"line":17},"3":{"name":"resetAIDraftSequence","decl":{"start":{"line":24,"column":22},"end":{"line":24,"column":60}},"loc":{"start":{"line":24,"column":60},"end":{"line":30,"column":null}},"line":24}},"branchMap":{},"s":{"0":3,"1":3,"2":0,"3":0,"4":3,"5":3,"6":0,"7":0},"f":{"0":3,"1":0,"2":3,"3":0},"b":{},"meta":{"lastBranch":0,"lastFunction":4,"lastStatement":8,"seen":{"f:3:22:3:56":0,"s:4:8:4:Infinity":0,"s:5:2:7:Infinity":1,"f:10:22:10:59":1,"s:11:8:11:Infinity":2,"s:12:2:14:Infinity":3,"f:17:22:17:62":2,"s:18:8:18:Infinity":4,"s:19:2:21:Infinity":5,"f:24:22:24:60":3,"s:25:8:25:Infinity":6,"s:26:2:29:Infinity":7}}}
,"E:\\Projects\\GitHubProjects\\EIA\\EIA\\prisma\\__tests__\\utils\\test-data-factory.ts": {"path":"E:\\Projects\\GitHubProjects\\EIA\\EIA\\prisma\\__tests__\\utils\\test-data-factory.ts","statementMap":{"0":{"start":{"line":4,"column":2},"end":{"line":4,"column":null}},"1":{"start":{"line":12,"column":8},"end":{"line":12,"column":null}},"2":{"start":{"line":13,"column":14},"end":{"line":13,"column":null}},"3":{"start":{"line":14,"column":15},"end":{"line":22,"column":null}},"4":{"start":{"line":23,"column":2},"end":{"line":23,"column":null}},"5":{"start":{"line":32,"column":8},"end":{"line":32,"column":null}},"6":{"start":{"line":33,"column":20},"end":{"line":54,"column":null}},"7":{"start":{"line":34,"column":16},"end":{"line":34,"column":null}},"8":{"start":{"line":35,"column":15},"end":{"line":35,"column":null}},"9":{"start":{"line":36,"column":17},"end":{"line":36,"column":null}},"10":{"start":{"line":37,"column":4},"end":{"line":53,"column":null}},"11":{"start":{"line":56,"column":22},"end":{"line":56,"column":null}},"12":{"start":{"line":58,"column":2},"end":{"line":69,"column":null}},"13":{"start":{"line":58,"column":15},"end":{"line":58,"column":18}},"14":{"start":{"line":59,"column":4},"end":{"line":68,"column":null}},"15":{"start":{"line":60,"column":6},"end":{"line":60,"column":null}},"16":{"start":{"line":62,"column":6},"end":{"line":62,"column":null}},"17":{"start":{"line":64,"column":6},"end":{"line":66,"column":null}},"18":{"start":{"line":65,"column":8},"end":{"line":65,"column":null}},"19":{"start":{"line":67,"column":6},"end":{"line":67,"column":null}},"20":{"start":{"line":70,"column":2},"end":{"line":70,"column":null}},"21":{"start":{"line":78,"column":8},"end":{"line":78,"column":null}},"22":{"start":{"line":79,"column":19},"end":{"line":86,"column":null}},"23":{"start":{"line":87,"column":2},"end":{"line":87,"column":null}},"24":{"start":{"line":93,"column":8},"end":{"line":93,"column":null}},"25":{"start":{"line":94,"column":18},"end":{"line":101,"column":null}},"26":{"start":{"line":102,"column":2},"end":{"line":102,"column":null}}},"fnMap":{"0":{"name":"uniqSuffix","decl":{"start":{"line":3,"column":9},"end":{"line":3,"column":30}},"loc":{"start":{"line":3,"column":30},"end":{"line":5,"column":null}},"line":3},"1":{"name":"createTestUser","decl":{"start":{"line":6,"column":22},"end":{"line":6,"column":37}},"loc":{"start":{"line":11,"column":29},"end":{"line":24,"column":null}},"line":11},"2":{"name":"createTestDocType","decl":{"start":{"line":25,"column":22},"end":{"line":25,"column":40}},"loc":{"start":{"line":31,"column":29},"end":{"line":71,"column":null}},"line":31},"3":{"name":"(anonymous_3)","decl":{"start":{"line":33,"column":20},"end":{"line":33,"column":57}},"loc":{"start":{"line":33,"column":57},"end":{"line":54,"column":null}},"line":33},"4":{"name":"createTestRUPTemplate","decl":{"start":{"line":72,"column":22},"end":{"line":72,"column":44}},"loc":{"start":{"line":77,"column":29},"end":{"line":88,"column":null}},"line":77},"5":{"name":"createTestProject","decl":{"start":{"line":89,"column":22},"end":{"line":89,"column":null}},"loc":{"start":{"line":92,"column":27},"end":{"line":103,"column":null}},"line":92}},"branchMap":{"0":{"loc":{"start":{"line":16,"column":16},"end":{"line":16,"column":null}},"type":"binary-expr","locations":[{"start":{"line":16,"column":16},"end":{"line":16,"column":39}},{"start":{"line":16,"column":39},"end":{"line":16,"column":null}}],"line":16},"1":{"loc":{"start":{"line":17,"column":13},"end":{"line":17,"column":null}},"type":"binary-expr","locations":[{"start":{"line":17,"column":13},"end":{"line":17,"column":33}},{"start":{"line":17,"column":33},"end":{"line":17,"column":null}}],"line":17},"2":{"loc":{"start":{"line":18,"column":16},"end":{"line":18,"column":null}},"type":"binary-expr","locations":[{"start":{"line":18,"column":16},"end":{"line":18,"column":39}},{"start":{"line":18,"column":39},"end":{"line":18,"column":null}}],"line":18},"3":{"loc":{"start":{"line":19,"column":12},"end":{"line":19,"column":null}},"type":"binary-expr","locations":[{"start":{"line":19,"column":12},"end":{"line":19,"column":32}},{"start":{"line":19,"column":32},"end":{"line":19,"column":62}},{"start":{"line":19,"column":62},"end":{"line":19,"column":null}}],"line":19},"4":{"loc":{"start":{"line":35,"column":15},"end":{"line":35,"column":null}},"type":"binary-expr","locations":[{"start":{"line":35,"column":15},"end":{"line":35,"column":32}},{"start":{"line":35,"column":32},"end":{"line":35,"column":null}}],"line":35},"5":{"loc":{"start":{"line":36,"column":17},"end":{"line":36,"column":null}},"type":"binary-expr","locations":[{"start":{"line":36,"column":17},"end":{"line":36,"column":36}},{"start":{"line":36,"column":36},"end":{"line":36,"column":null}}],"line":36},"6":{"loc":{"start":{"line":40,"column":14},"end":{"line":40,"column":null}},"type":"binary-expr","locations":[{"start":{"line":40,"column":14},"end":{"line":40,"column":33}},{"start":{"line":40,"column":33},"end":{"line":40,"column":null}}],"line":40},"7":{"loc":{"start":{"line":42,"column":18},"end":{"line":42,"column":null}},"type":"binary-expr","locations":[{"start":{"line":42,"column":18},"end":{"line":42,"column":41}},{"start":{"line":42,"column":41},"end":{"line":42,"column":null}}],"line":42},"8":{"loc":{"start":{"line":46,"column":16},"end":{"line":46,"column":null}},"type":"binary-expr","locations":[{"start":{"line":46,"column":16},"end":{"line":46,"column":37}},{"start":{"line":46,"column":37},"end":{"line":46,"column":null}}],"line":46},"9":{"loc":{"start":{"line":64,"column":6},"end":{"line":66,"column":null}},"type":"if","locations":[{"start":{"line":64,"column":6},"end":{"line":66,"column":null}},{"start":{},"end":{}}],"line":64},"10":{"loc":{"start":{"line":64,"column":10},"end":{"line":64,"column":119}},"type":"binary-expr","locations":[{"start":{"line":64,"column":10},"end":{"line":64,"column":63}},{"start":{"line":64,"column":63},"end":{"line":64,"column":119}}],"line":64},"11":{"loc":{"start":{"line":64,"column":17},"end":{"line":64,"column":32}},"type":"binary-expr","locations":[{"start":{"line":64,"column":17},"end":{"line":64,"column":30}},{"start":{"line":64,"column":30},"end":{"line":64,"column":32}}],"line":64},"12":{"loc":{"start":{"line":81,"column":12},"end":{"line":81,"column":null}},"type":"binary-expr","locations":[{"start":{"line":81,"column":12},"end":{"line":81,"column":31}},{"start":{"line":81,"column":31},"end":{"line":81,"column":null}}],"line":81},"13":{"loc":{"start":{"line":82,"column":19},"end":{"line":82,"column":null}},"type":"binary-expr","locations":[{"start":{"line":82,"column":19},"end":{"line":82,"column":45}},{"start":{"line":82,"column":45},"end":{"line":82,"column":null}}],"line":82},"14":{"loc":{"start":{"line":83,"column":17},"end":{"line":83,"column":null}},"type":"binary-expr","locations":[{"start":{"line":83,"column":17},"end":{"line":83,"column":48}},{"start":{"line":83,"column":48},"end":{"line":83,"column":null}}],"line":83},"15":{"loc":{"start":{"line":84,"column":15},"end":{"line":84,"column":null}},"type":"binary-expr","locations":[{"start":{"line":84,"column":15},"end":{"line":84,"column":44}},{"start":{"line":84,"column":44},"end":{"line":84,"column":null}}],"line":84},"16":{"loc":{"start":{"line":99,"column":21},"end":{"line":99,"column":null}},"type":"binary-expr","locations":[{"start":{"line":99,"column":21},"end":{"line":99,"column":48}},{"start":{"line":99,"column":48},"end":{"line":99,"column":null}}],"line":99}},"s":{"0":7,"1":1,"2":1,"3":1,"4":1,"5":3,"6":3,"7":3,"8":3,"9":3,"10":3,"11":3,"12":3,"13":3,"14":3,"15":3,"16":0,"17":0,"18":0,"19":0,"20":0,"21":3,"22":3,"23":3,"24":0,"25":0,"26":0},"f":{"0":7,"1":1,"2":3,"3":3,"4":3,"5":0},"b":{"0":[1,1],"1":[1,1],"2":[1,1],"3":[1,1,0],"4":[3,3],"5":[3,3],"6":[3,3],"7":[3,0],"8":[3,3],"9":[0,0],"10":[0,0],"11":[0,0],"12":[3,3],"13":[3,3],"14":[3,3],"15":[3,3],"16":[0,0]},"meta":{"lastBranch":17,"lastFunction":6,"lastStatement":27,"seen":{"f:3:9:3:30":0,"s:4:2:4:Infinity":0,"f:6:22:6:37":1,"s:12:8:12:Infinity":1,"s:13:14:13:Infinity":2,"s:14:15:22:Infinity":3,"b:16:16:16:39:16:39:16:Infinity":0,"b:17:13:17:33:17:33:17:Infinity":1,"b:18:16:18:39:18:39:18:Infinity":2,"b:19:12:19:32:19:32:19:62:19:62:19:Infinity":3,"s:23:2:23:Infinity":4,"f:25:22:25:40":2,"s:32:8:32:Infinity":5,"s:33:20:54:Infinity":6,"f:33:20:33:57":3,"s:34:16:34:Infinity":7,"s:35:15:35:Infinity":8,"b:35:15:35:32:35:32:35:Infinity":4,"s:36:17:36:Infinity":9,"b:36:17:36:36:36:36:36:Infinity":5,"s:37:4:53:Infinity":10,"b:40:14:40:33:40:33:40:Infinity":6,"b:42:18:42:41:42:41:42:Infinity":7,"b:46:16:46:37:46:37:46:Infinity":8,"s:56:22:56:Infinity":11,"s:58:2:69:Infinity":12,"s:58:15:58:18":13,"s:59:4:68:Infinity":14,"s:60:6:60:Infinity":15,"s:62:6:62:Infinity":16,"b:64:6:66:Infinity:undefined:undefined:undefined:undefined":9,"s:64:6:66:Infinity":17,"b:64:10:64:63:64:63:64:119":10,"b:64:17:64:30:64:30:64:32":11,"s:65:8:65:Infinity":18,"s:67:6:67:Infinity":19,"s:70:2:70:Infinity":20,"f:72:22:72:44":4,"s:78:8:78:Infinity":21,"s:79:19:86:Infinity":22,"b:81:12:81:31:81:31:81:Infinity":12,"b:82:19:82:45:82:45:82:Infinity":13,"b:83:17:83:48:83:48:83:Infinity":14,"b:84:15:84:44:84:44:84:Infinity":15,"s:87:2:87:Infinity":23,"f:89:22:89:Infinity":5,"s:93:8:93:Infinity":24,"s:94:18:101:Infinity":25,"b:99:21:99:48:99:48:99:Infinity":16,"s:102:2:102:Infinity":26}}}
,"E:\\Projects\\GitHubProjects\\EIA\\EIA\\prisma\\__tests__\\utils\\test-helpers.ts": {"path":"E:\\Projects\\GitHubProjects\\EIA\\EIA\\prisma\\__tests__\\utils\\test-helpers.ts","statementMap":{"0":{"start":{"line":5,"column":2},"end":{"line":5,"column":null}},"1":{"start":{"line":9,"column":17},"end":{"line":9,"column":null}},"2":{"start":{"line":12,"column":2},"end":{"line":25,"column":null}},"3":{"start":{"line":28,"column":22},"end":{"line":37,"column":null}},"4":{"start":{"line":29,"column":19},"end":{"line":29,"column":null}},"5":{"start":{"line":30,"column":4},"end":{"line":36,"column":null}},"6":{"start":{"line":31,"column":6},"end":{"line":35,"column":null}},"7":{"start":{"line":32,"column":8},"end":{"line":32,"column":null}},"8":{"start":{"line":39,"column":2},"end":{"line":39,"column":null}},"9":{"start":{"line":40,"column":2},"end":{"line":40,"column":null}},"10":{"start":{"line":41,"column":2},"end":{"line":41,"column":null}},"11":{"start":{"line":42,"column":2},"end":{"line":42,"column":null}},"12":{"start":{"line":43,"column":2},"end":{"line":43,"column":null}},"13":{"start":{"line":44,"column":2},"end":{"line":44,"column":null}},"14":{"start":{"line":45,"column":2},"end":{"line":45,"column":null}},"15":{"start":{"line":46,"column":2},"end":{"line":46,"column":null}},"16":{"start":{"line":47,"column":2},"end":{"line":47,"column":null}},"17":{"start":{"line":48,"column":2},"end":{"line":48,"column":null}},"18":{"start":{"line":49,"column":2},"end":{"line":49,"column":null}},"19":{"start":{"line":50,"column":2},"end":{"line":50,"column":null}},"20":{"start":{"line":51,"column":2},"end":{"line":51,"column":null}},"21":{"start":{"line":52,"column":2},"end":{"line":52,"column":null}},"22":{"start":{"line":53,"column":2},"end":{"line":53,"column":null}},"23":{"start":{"line":57,"column":23},"end":{"line":57,"column":null}},"24":{"start":{"line":58,"column":2},"end":{"line":61,"column":null}},"25":{"start":{"line":65,"column":17},"end":{"line":65,"column":null}},"26":{"start":{"line":66,"column":2},"end":{"line":79,"column":null}},"27":{"start":{"line":85,"column":16},"end":{"line":85,"column":null}},"28":{"start":{"line":86,"column":17},"end":{"line":86,"column":null}},"29":{"start":{"line":87,"column":2},"end":{"line":87,"column":null}},"30":{"start":{"line":95,"column":16},"end":{"line":95,"column":null}},"31":{"start":{"line":96,"column":2},"end":{"line":99,"column":null}},"32":{"start":{"line":97,"column":4},"end":{"line":97,"column":null}},"33":{"start":{"line":97,"column":27},"end":{"line":97,"column":null}},"34":{"start":{"line":98,"column":4},"end":{"line":98,"column":null}},"35":{"start":{"line":98,"column":29},"end":{"line":98,"column":54}},"36":{"start":{"line":100,"column":2},"end":{"line":100,"column":null}},"37":{"start":{"line":108,"column":17},"end":{"line":108,"column":null}},"38":{"start":{"line":111,"column":16},"end":{"line":113,"column":null}},"39":{"start":{"line":116,"column":16},"end":{"line":118,"column":null}},"40":{"start":{"line":119,"column":22},"end":{"line":119,"column":null}},"41":{"start":{"line":119,"column":47},"end":{"line":119,"column":55}},"42":{"start":{"line":121,"column":15},"end":{"line":121,"column":null}},"43":{"start":{"line":122,"column":2},"end":{"line":126,"column":null}},"44":{"start":{"line":123,"column":4},"end":{"line":125,"column":null}},"45":{"start":{"line":124,"column":6},"end":{"line":124,"column":null}},"46":{"start":{"line":127,"column":2},"end":{"line":129,"column":null}},"47":{"start":{"line":128,"column":4},"end":{"line":128,"column":null}},"48":{"start":{"line":132,"column":2},"end":{"line":152,"column":null}},"49":{"start":{"line":133,"column":17},"end":{"line":135,"column":null}},"50":{"start":{"line":136,"column":20},"end":{"line":136,"column":null}},"51":{"start":{"line":136,"column":44},"end":{"line":136,"column":69}},"52":{"start":{"line":137,"column":4},"end":{"line":151,"column":null}},"53":{"start":{"line":138,"column":30},"end":{"line":144,"column":null}},"54":{"start":{"line":143,"column":26},"end":{"line":143,"column":30}},"55":{"start":{"line":145,"column":22},"end":{"line":147,"column":null}},"56":{"start":{"line":146,"column":20},"end":{"line":146,"column":null}},"57":{"start":{"line":148,"column":6},"end":{"line":150,"column":null}},"58":{"start":{"line":149,"column":8},"end":{"line":149,"column":null}}},"fnMap":{"0":{"name":"getPrisma","decl":{"start":{"line":4,"column":16},"end":{"line":4,"column":42}},"loc":{"start":{"line":4,"column":42},"end":{"line":6,"column":null}},"line":4},"1":{"name":"clearDatabase","decl":{"start":{"line":8,"column":22},"end":{"line":8,"column":53}},"loc":{"start":{"line":8,"column":53},"end":{"line":54,"column":null}},"line":8},"2":{"name":"(anonymous_2)","decl":{"start":{"line":28,"column":22},"end":{"line":28,"column":29}},"loc":{"start":{"line":28,"column":51},"end":{"line":37,"column":null}},"line":28},"3":{"name":"runSeed","decl":{"start":{"line":56,"column":22},"end":{"line":56,"column":47}},"loc":{"start":{"line":56,"column":47},"end":{"line":62,"column":null}},"line":56},"4":{"name":"getDatabaseCounts","decl":{"start":{"line":64,"column":22},"end":{"line":64,"column":75}},"loc":{"start":{"line":64,"column":75},"end":{"line":80,"column":null}},"line":64},"5":{"name":"measureTime","decl":{"start":{"line":82,"column":22},"end":{"line":82,"column":null}},"loc":{"start":{"line":84,"column":46},"end":{"line":88,"column":null}},"line":84},"6":{"name":"waitFor","decl":{"start":{"line":90,"column":22},"end":{"line":90,"column":null}},"loc":{"start":{"line":94,"column":17},"end":{"line":101,"column":null}},"line":94},"7":{"name":"(anonymous_7)","decl":{"start":{"line":98,"column":22},"end":{"line":98,"column":23}},"loc":{"start":{"line":98,"column":29},"end":{"line":98,"column":54}},"line":98},"8":{"name":"assertNoOrphanedRecords","decl":{"start":{"line":107,"column":22},"end":{"line":107,"column":63}},"loc":{"start":{"line":107,"column":63},"end":{"line":153,"column":null}},"line":107},"9":{"name":"(anonymous_9)","decl":{"start":{"line":119,"column":40},"end":{"line":119,"column":41}},"loc":{"start":{"line":119,"column":47},"end":{"line":119,"column":55}},"line":119},"10":{"name":"(anonymous_10)","decl":{"start":{"line":136,"column":32},"end":{"line":136,"column":33}},"loc":{"start":{"line":136,"column":44},"end":{"line":136,"column":69}},"line":136},"11":{"name":"(anonymous_11)","decl":{"start":{"line":143,"column":14},"end":{"line":143,"column":15}},"loc":{"start":{"line":143,"column":26},"end":{"line":143,"column":30}},"line":143},"12":{"name":"(anonymous_12)","decl":{"start":{"line":146,"column":8},"end":{"line":146,"column":9}},"loc":{"start":{"line":146,"column":20},"end":{"line":146,"column":null}},"line":146}},"branchMap":{"0":{"loc":{"start":{"line":30,"column":4},"end":{"line":36,"column":null}},"type":"if","locations":[{"start":{"line":30,"column":4},"end":{"line":36,"column":null}},{"start":{},"end":{}}],"line":30},"1":{"loc":{"start":{"line":30,"column":8},"end":{"line":30,"column":57}},"type":"binary-expr","locations":[{"start":{"line":30,"column":8},"end":{"line":30,"column":17}},{"start":{"line":30,"column":17},"end":{"line":30,"column":57}}],"line":30},"2":{"loc":{"start":{"line":92,"column":2},"end":{"line":92,"column":null}},"type":"default-arg","locations":[{"start":{"line":92,"column":14},"end":{"line":92,"column":null}}],"line":92},"3":{"loc":{"start":{"line":93,"column":2},"end":{"line":93,"column":null}},"type":"default-arg","locations":[{"start":{"line":93,"column":15},"end":{"line":93,"column":null}}],"line":93},"4":{"loc":{"start":{"line":97,"column":4},"end":{"line":97,"column":null}},"type":"if","locations":[{"start":{"line":97,"column":4},"end":{"line":97,"column":null}},{"start":{},"end":{}}],"line":97},"5":{"loc":{"start":{"line":123,"column":4},"end":{"line":125,"column":null}},"type":"if","locations":[{"start":{"line":123,"column":4},"end":{"line":125,"column":null}},{"start":{},"end":{}}],"line":123},"6":{"loc":{"start":{"line":123,"column":8},"end":{"line":123,"column":66}},"type":"binary-expr","locations":[{"start":{"line":123,"column":8},"end":{"line":123,"column":38}},{"start":{"line":123,"column":38},"end":{"line":123,"column":66}}],"line":123},"7":{"loc":{"start":{"line":127,"column":2},"end":{"line":129,"column":null}},"type":"if","locations":[{"start":{"line":127,"column":2},"end":{"line":129,"column":null}},{"start":{},"end":{}}],"line":127},"8":{"loc":{"start":{"line":132,"column":2},"end":{"line":152,"column":null}},"type":"if","locations":[{"start":{"line":132,"column":2},"end":{"line":152,"column":null}},{"start":{},"end":{}}],"line":132},"9":{"loc":{"start":{"line":137,"column":4},"end":{"line":151,"column":null}},"type":"if","locations":[{"start":{"line":137,"column":4},"end":{"line":151,"column":null}},{"start":{},"end":{}}],"line":137},"10":{"loc":{"start":{"line":137,"column":8},"end":{"line":137,"column":60}},"type":"binary-expr","locations":[{"start":{"line":137,"column":8},"end":{"line":137,"column":31}},{"start":{"line":137,"column":31},"end":{"line":137,"column":60}}],"line":137},"11":{"loc":{"start":{"line":148,"column":6},"end":{"line":150,"column":null}},"type":"if","locations":[{"start":{"line":148,"column":6},"end":{"line":150,"column":null}},{"start":{},"end":{}}],"line":148}},"s":{"0":22,"1":1,"2":1,"3":1,"4":15,"5":15,"6":13,"7":13,"8":1,"9":1,"10":1,"11":1,"12":1,"13":1,"14":1,"15":1,"16":1,"17":1,"18":1,"19":1,"20":1,"21":1,"22":1,"23":1,"24":1,"25":1,"26":1,"27":3,"28":3,"29":3,"30":0,"31":0,"32":0,"33":0,"34":0,"35":0,"36":0,"37":1,"38":1,"39":1,"40":1,"41":10,"42":1,"43":1,"44":1,"45":0,"46":1,"47":0,"48":1,"49":1,"50":1,"51":0,"52":1,"53":0,"54":0,"55":0,"56":0,"57":0,"58":0},"f":{"0":22,"1":1,"2":15,"3":1,"4":1,"5":3,"6":0,"7":0,"8":1,"9":10,"10":0,"11":0,"12":0},"b":{"0":[13,2],"1":[15,13],"2":[0],"3":[0],"4":[0,0],"5":[0,1],"6":[1,1],"7":[0,1],"8":[1,0],"9":[0,1],"10":[1,0],"11":[0,0]},"meta":{"lastBranch":12,"lastFunction":13,"lastStatement":59,"seen":{"f:4:16:4:42":0,"s:5:2:5:Infinity":0,"f:8:22:8:53":1,"s:9:17:9:Infinity":1,"s:12:2:25:Infinity":2,"s:28:22:37:Infinity":3,"f:28:22:28:29":2,"s:29:19:29:Infinity":4,"b:30:4:36:Infinity:undefined:undefined:undefined:undefined":0,"s:30:4:36:Infinity":5,"b:30:8:30:17:30:17:30:57":1,"s:31:6:35:Infinity":6,"s:32:8:32:Infinity":7,"s:39:2:39:Infinity":8,"s:40:2:40:Infinity":9,"s:41:2:41:Infinity":10,"s:42:2:42:Infinity":11,"s:43:2:43:Infinity":12,"s:44:2:44:Infinity":13,"s:45:2:45:Infinity":14,"s:46:2:46:Infinity":15,"s:47:2:47:Infinity":16,"s:48:2:48:Infinity":17,"s:49:2:49:Infinity":18,"s:50:2:50:Infinity":19,"s:51:2:51:Infinity":20,"s:52:2:52:Infinity":21,"s:53:2:53:Infinity":22,"f:56:22:56:47":3,"s:57:23:57:Infinity":23,"s:58:2:61:Infinity":24,"f:64:22:64:75":4,"s:65:17:65:Infinity":25,"s:66:2:79:Infinity":26,"f:82:22:82:Infinity":5,"s:85:16:85:Infinity":27,"s:86:17:86:Infinity":28,"s:87:2:87:Infinity":29,"f:90:22:90:Infinity":6,"b:92:14:92:Infinity":2,"b:93:15:93:Infinity":3,"s:95:16:95:Infinity":30,"s:96:2:99:Infinity":31,"b:97:4:97:Infinity:undefined:undefined:undefined:undefined":4,"s:97:4:97:Infinity":32,"s:97:27:97:Infinity":33,"s:98:4:98:Infinity":34,"f:98:22:98:23":7,"s:98:29:98:54":35,"s:100:2:100:Infinity":36,"f:107:22:107:63":8,"s:108:17:108:Infinity":37,"s:111:16:113:Infinity":38,"s:116:16:118:Infinity":39,"s:119:22:119:Infinity":40,"f:119:40:119:41":9,"s:119:47:119:55":41,"s:121:15:121:Infinity":42,"s:122:2:126:Infinity":43,"b:123:4:125:Infinity:undefined:undefined:undefined:undefined":5,"s:123:4:125:Infinity":44,"b:123:8:123:38:123:38:123:66":6,"s:124:6:124:Infinity":45,"b:127:2:129:Infinity:undefined:undefined:undefined:undefined":7,"s:127:2:129:Infinity":46,"s:128:4:128:Infinity":47,"b:132:2:152:Infinity:undefined:undefined:undefined:undefined":8,"s:132:2:152:Infinity":48,"s:133:17:135:Infinity":49,"s:136:20:136:Infinity":50,"f:136:32:136:33":10,"s:136:44:136:69":51,"b:137:4:151:Infinity:undefined:undefined:undefined:undefined":9,"s:137:4:151:Infinity":52,"b:137:8:137:31:137:31:137:60":10,"s:138:30:144:Infinity":53,"f:143:14:143:15":11,"s:143:26:143:30":54,"s:145:22:147:Infinity":55,"f:146:8:146:9":12,"s:146:20:146:Infinity":56,"b:148:6:150:Infinity:undefined:undefined:undefined:undefined":11,"s:148:6:150:Infinity":57,"s:149:8:149:Infinity":58}}}
,"E:\\Projects\\GitHubProjects\\EIA\\EIA\\src\\modules\\template\\domain\\aggregates\\rup-template.ts": {"path":"E:\\Projects\\GitHubProjects\\EIA\\EIA\\src\\modules\\template\\domain\\aggregates\\rup-template.ts","statementMap":{"0":{"start":{"line":6,"column":32},"end":{"line":6,"column":null}},"1":{"start":{"line":9,"column":20},"end":{"line":9,"column":null}},"2":{"start":{"line":10,"column":11},"end":{"line":10,"column":null}},"3":{"start":{"line":11,"column":11},"end":{"line":11,"column":null}},"4":{"start":{"line":12,"column":11},"end":{"line":12,"column":null}},"5":{"start":{"line":13,"column":11},"end":{"line":13,"column":null}},"6":{"start":{"line":14,"column":11},"end":{"line":14,"column":null}},"7":{"start":{"line":15,"column":20},"end":{"line":15,"column":null}},"8":{"start":{"line":16,"column":11},"end":{"line":16,"column":null}},"9":{"start":{"line":25,"column":16},"end":{"line":25,"column":null}},"10":{"start":{"line":26,"column":21},"end":{"line":35,"column":null}},"11":{"start":{"line":36,"column":4},"end":{"line":36,"column":null}},"12":{"start":{"line":37,"column":4},"end":{"line":37,"column":null}},"13":{"start":{"line":41,"column":4},"end":{"line":50,"column":null}},"14":{"start":{"line":54,"column":4},"end":{"line":56,"column":null}},"15":{"start":{"line":55,"column":6},"end":{"line":55,"column":null}},"16":{"start":{"line":57,"column":4},"end":{"line":60,"column":null}},"17":{"start":{"line":58,"column":6},"end":{"line":58,"column":null}},"18":{"start":{"line":59,"column":6},"end":{"line":59,"column":null}},"19":{"start":{"line":61,"column":4},"end":{"line":61,"column":null}},"20":{"start":{"line":61,"column":40},"end":{"line":61,"column":null}},"21":{"start":{"line":62,"column":4},"end":{"line":62,"column":null}},"22":{"start":{"line":62,"column":46},"end":{"line":62,"column":null}},"23":{"start":{"line":63,"column":4},"end":{"line":63,"column":null}},"24":{"start":{"line":67,"column":4},"end":{"line":67,"column":null}},"25":{"start":{"line":67,"column":33},"end":{"line":67,"column":null}},"26":{"start":{"line":68,"column":4},"end":{"line":68,"column":null}},"27":{"start":{"line":68,"column":50},"end":{"line":68,"column":null}},"28":{"start":{"line":69,"column":4},"end":{"line":69,"column":null}},"29":{"start":{"line":70,"column":4},"end":{"line":70,"column":null}},"30":{"start":{"line":71,"column":4},"end":{"line":71,"column":null}},"31":{"start":{"line":75,"column":4},"end":{"line":75,"column":null}},"32":{"start":{"line":75,"column":53},"end":{"line":75,"column":null}},"33":{"start":{"line":76,"column":4},"end":{"line":76,"column":null}},"34":{"start":{"line":76,"column":49},"end":{"line":76,"column":null}},"35":{"start":{"line":77,"column":4},"end":{"line":77,"column":null}},"36":{"start":{"line":78,"column":4},"end":{"line":78,"column":null}},"37":{"start":{"line":79,"column":4},"end":{"line":79,"column":null}},"38":{"start":{"line":83,"column":4},"end":{"line":83,"column":null}},"39":{"start":{"line":83,"column":49},"end":{"line":83,"column":null}},"40":{"start":{"line":84,"column":4},"end":{"line":84,"column":null}},"41":{"start":{"line":85,"column":4},"end":{"line":85,"column":null}},"42":{"start":{"line":89,"column":4},"end":{"line":89,"column":null}},"43":{"start":{"line":90,"column":4},"end":{"line":90,"column":null}},"44":{"start":{"line":94,"column":4},"end":{"line":96,"column":null}},"45":{"start":{"line":95,"column":6},"end":{"line":95,"column":null}},"46":{"start":{"line":97,"column":4},"end":{"line":97,"column":null}},"47":{"start":{"line":98,"column":4},"end":{"line":98,"column":null}},"48":{"start":{"line":102,"column":4},"end":{"line":104,"column":null}},"49":{"start":{"line":103,"column":6},"end":{"line":103,"column":null}},"50":{"start":{"line":105,"column":4},"end":{"line":105,"column":null}},"51":{"start":{"line":109,"column":4},"end":{"line":109,"column":null}},"52":{"start":{"line":113,"column":4},"end":{"line":113,"column":null}},"53":{"start":{"line":117,"column":4},"end":{"line":117,"column":null}},"54":{"start":{"line":117,"column":43},"end":{"line":117,"column":null}},"55":{"start":{"line":118,"column":4},"end":{"line":120,"column":null}},"56":{"start":{"line":119,"column":6},"end":{"line":119,"column":null}},"57":{"start":{"line":124,"column":4},"end":{"line":133,"column":null}},"58":{"start":{"line":137,"column":4},"end":{"line":137,"column":null}},"59":{"start":{"line":141,"column":4},"end":{"line":141,"column":null}},"60":{"start":{"line":145,"column":4},"end":{"line":145,"column":null}}},"fnMap":{"0":{"name":"(anonymous_0)","decl":{"start":{"line":8,"column":10},"end":{"line":8,"column":null}},"loc":{"start":{"line":17,"column":4},"end":{"line":17,"column":null}},"line":17},"1":{"name":"(anonymous_1)","decl":{"start":{"line":19,"column":9},"end":{"line":19,"column":16}},"loc":{"start":{"line":24,"column":18},"end":{"line":38,"column":null}},"line":24},"2":{"name":"(anonymous_2)","decl":{"start":{"line":40,"column":9},"end":{"line":40,"column":20}},"loc":{"start":{"line":40,"column":60},"end":{"line":51,"column":null}},"line":40},"3":{"name":"(anonymous_3)","decl":{"start":{"line":53,"column":2},"end":{"line":53,"column":9}},"loc":{"start":{"line":53,"column":90},"end":{"line":64,"column":null}},"line":53},"4":{"name":"(anonymous_4)","decl":{"start":{"line":66,"column":2},"end":{"line":66,"column":10}},"loc":{"start":{"line":66,"column":52},"end":{"line":72,"column":null}},"line":66},"5":{"name":"(anonymous_5)","decl":{"start":{"line":74,"column":2},"end":{"line":74,"column":18}},"loc":{"start":{"line":74,"column":18},"end":{"line":80,"column":null}},"line":74},"6":{"name":"(anonymous_6)","decl":{"start":{"line":82,"column":2},"end":{"line":82,"column":18}},"loc":{"start":{"line":82,"column":18},"end":{"line":86,"column":null}},"line":82},"7":{"name":"(anonymous_7)","decl":{"start":{"line":88,"column":2},"end":{"line":88,"column":31}},"loc":{"start":{"line":88,"column":31},"end":{"line":91,"column":null}},"line":88},"8":{"name":"(anonymous_8)","decl":{"start":{"line":93,"column":2},"end":{"line":93,"column":23}},"loc":{"start":{"line":93,"column":23},"end":{"line":99,"column":null}},"line":93},"9":{"name":"(anonymous_9)","decl":{"start":{"line":101,"column":2},"end":{"line":101,"column":21}},"loc":{"start":{"line":101,"column":21},"end":{"line":106,"column":null}},"line":101},"10":{"name":"(anonymous_10)","decl":{"start":{"line":108,"column":2},"end":{"line":108,"column":23}},"loc":{"start":{"line":108,"column":23},"end":{"line":110,"column":null}},"line":108},"11":{"name":"(anonymous_11)","decl":{"start":{"line":112,"column":2},"end":{"line":112,"column":24}},"loc":{"start":{"line":112,"column":24},"end":{"line":114,"column":null}},"line":112},"12":{"name":"(anonymous_12)","decl":{"start":{"line":116,"column":10},"end":{"line":116,"column":23}},"loc":{"start":{"line":116,"column":43},"end":{"line":121,"column":null}},"line":116},"13":{"name":"(anonymous_13)","decl":{"start":{"line":123,"column":2},"end":{"line":123,"column":106}},"loc":{"start":{"line":123,"column":106},"end":{"line":134,"column":null}},"line":123},"14":{"name":"(anonymous_14)","decl":{"start":{"line":136,"column":10},"end":{"line":136,"column":25}},"loc":{"start":{"line":136,"column":43},"end":{"line":138,"column":null}},"line":136},"15":{"name":"(anonymous_15)","decl":{"start":{"line":140,"column":2},"end":{"line":140,"column":27}},"loc":{"start":{"line":140,"column":27},"end":{"line":142,"column":null}},"line":140},"16":{"name":"(anonymous_16)","decl":{"start":{"line":144,"column":2},"end":{"line":144,"column":28}},"loc":{"start":{"line":144,"column":28},"end":{"line":146,"column":null}},"line":144}},"branchMap":{"0":{"loc":{"start":{"line":27,"column":6},"end":{"line":27,"column":null}},"type":"cond-expr","locations":[{"start":{"line":27,"column":38},"end":{"line":27,"column":60}},{"start":{"line":27,"column":60},"end":{"line":27,"column":null}}],"line":27},"1":{"loc":{"start":{"line":29,"column":6},"end":{"line":29,"column":null}},"type":"binary-expr","locations":[{"start":{"line":29,"column":6},"end":{"line":29,"column":26}},{"start":{"line":29,"column":26},"end":{"line":29,"column":null}}],"line":29},"2":{"loc":{"start":{"line":31,"column":6},"end":{"line":31,"column":null}},"type":"binary-expr","locations":[{"start":{"line":31,"column":6},"end":{"line":31,"column":32}},{"start":{"line":31,"column":32},"end":{"line":31,"column":null}}],"line":31},"3":{"loc":{"start":{"line":54,"column":4},"end":{"line":56,"column":null}},"type":"if","locations":[{"start":{"line":54,"column":4},"end":{"line":56,"column":null}},{"start":{},"end":{}}],"line":54},"4":{"loc":{"start":{"line":54,"column":8},"end":{"line":54,"column":97}},"type":"binary-expr","locations":[{"start":{"line":54,"column":8},"end":{"line":54,"column":52}},{"start":{"line":54,"column":52},"end":{"line":54,"column":97}}],"line":54},"5":{"loc":{"start":{"line":57,"column":4},"end":{"line":60,"column":null}},"type":"if","locations":[{"start":{"line":57,"column":4},"end":{"line":60,"column":null}},{"start":{},"end":{}}],"line":57},"6":{"loc":{"start":{"line":61,"column":4},"end":{"line":61,"column":null}},"type":"if","locations":[{"start":{"line":61,"column":4},"end":{"line":61,"column":null}},{"start":{},"end":{}}],"line":61},"7":{"loc":{"start":{"line":62,"column":4},"end":{"line":62,"column":null}},"type":"if","locations":[{"start":{"line":62,"column":4},"end":{"line":62,"column":null}},{"start":{},"end":{}}],"line":62},"8":{"loc":{"start":{"line":67,"column":4},"end":{"line":67,"column":null}},"type":"if","locations":[{"start":{"line":67,"column":4},"end":{"line":67,"column":null}},{"start":{},"end":{}}],"line":67},"9":{"loc":{"start":{"line":68,"column":4},"end":{"line":68,"column":null}},"type":"if","locations":[{"start":{"line":68,"column":4},"end":{"line":68,"column":null}},{"start":{},"end":{}}],"line":68},"10":{"loc":{"start":{"line":75,"column":4},"end":{"line":75,"column":null}},"type":"if","locations":[{"start":{"line":75,"column":4},"end":{"line":75,"column":null}},{"start":{},"end":{}}],"line":75},"11":{"loc":{"start":{"line":76,"column":4},"end":{"line":76,"column":null}},"type":"if","locations":[{"start":{"line":76,"column":4},"end":{"line":76,"column":null}},{"start":{},"end":{}}],"line":76},"12":{"loc":{"start":{"line":83,"column":4},"end":{"line":83,"column":null}},"type":"if","locations":[{"start":{"line":83,"column":4},"end":{"line":83,"column":null}},{"start":{},"end":{}}],"line":83},"13":{"loc":{"start":{"line":94,"column":4},"end":{"line":96,"column":null}},"type":"if","locations":[{"start":{"line":94,"column":4},"end":{"line":96,"column":null}},{"start":{},"end":{}}],"line":94},"14":{"loc":{"start":{"line":102,"column":4},"end":{"line":104,"column":null}},"type":"if","locations":[{"start":{"line":102,"column":4},"end":{"line":104,"column":null}},{"start":{},"end":{}}],"line":102},"15":{"loc":{"start":{"line":102,"column":8},"end":{"line":102,"column":97}},"type":"binary-expr","locations":[{"start":{"line":102,"column":8},"end":{"line":102,"column":55}},{"start":{"line":102,"column":55},"end":{"line":102,"column":97}}],"line":102},"16":{"loc":{"start":{"line":109,"column":11},"end":{"line":109,"column":null}},"type":"binary-expr","locations":[{"start":{"line":109,"column":11},"end":{"line":109,"column":58}},{"start":{"line":109,"column":58},"end":{"line":109,"column":null}}],"line":109},"17":{"loc":{"start":{"line":117,"column":4},"end":{"line":117,"column":null}},"type":"if","locations":[{"start":{"line":117,"column":4},"end":{"line":117,"column":null}},{"start":{},"end":{}}],"line":117},"18":{"loc":{"start":{"line":117,"column":8},"end":{"line":117,"column":43}},"type":"binary-expr","locations":[{"start":{"line":117,"column":8},"end":{"line":117,"column":17}},{"start":{"line":117,"column":17},"end":{"line":117,"column":43}}],"line":117},"19":{"loc":{"start":{"line":118,"column":4},"end":{"line":120,"column":null}},"type":"if","locations":[{"start":{"line":118,"column":4},"end":{"line":120,"column":null}},{"start":{},"end":{}}],"line":118},"20":{"loc":{"start":{"line":118,"column":8},"end":{"line":118,"column":46}},"type":"binary-expr","locations":[{"start":{"line":118,"column":8},"end":{"line":118,"column":27}},{"start":{"line":118,"column":27},"end":{"line":118,"column":46}}],"line":118}},"s":{"0":5,"1":5,"2":5,"3":5,"4":5,"5":5,"6":5,"7":5,"8":5,"9":5,"10":5,"11":5,"12":5,"13":0,"14":2,"15":1,"16":1,"17":1,"18":1,"19":1,"20":1,"21":1,"22":1,"23":1,"24":2,"25":0,"26":2,"27":0,"28":2,"29":2,"30":2,"31":1,"32":0,"33":1,"34":0,"35":1,"36":1,"37":1,"38":0,"39":0,"40":0,"41":0,"42":1,"43":1,"44":1,"45":0,"46":1,"47":1,"48":0,"49":0,"50":0,"51":0,"52":0,"53":1,"54":0,"55":1,"56":0,"57":0,"58":8,"59":2,"60":0},"f":{"0":5,"1":5,"2":5,"3":2,"4":2,"5":1,"6":0,"7":1,"8":1,"9":0,"10":0,"11":0,"12":1,"13":0,"14":8,"15":2,"16":0},"b":{"0":[5,0],"1":[5,5],"2":[5,5],"3":[1,1],"4":[2,1],"5":[1,0],"6":[1,0],"7":[1,0],"8":[0,2],"9":[0,2],"10":[0,1],"11":[0,1],"12":[0,0],"13":[0,1],"14":[0,0],"15":[0,0],"16":[0,0],"17":[0,1],"18":[1,1],"19":[0,1],"20":[1,1]},"meta":{"lastBranch":21,"lastFunction":17,"lastStatement":61,"seen":{"s:6:32:6:Infinity":0,"f:8:10:8:Infinity":0,"s:9:20:9:Infinity":1,"s:10:11:10:Infinity":2,"s:11:11:11:Infinity":3,"s:12:11:12:Infinity":4,"s:13:11:13:Infinity":5,"s:14:11:14:Infinity":6,"s:15:20:15:Infinity":7,"s:16:11:16:Infinity":8,"f:19:9:19:16":1,"s:25:16:25:Infinity":9,"s:26:21:35:Infinity":10,"b:27:38:27:60:27:60:27:Infinity":0,"b:29:6:29:26:29:26:29:Infinity":1,"b:31:6:31:32:31:32:31:Infinity":2,"s:36:4:36:Infinity":11,"s:37:4:37:Infinity":12,"f:40:9:40:20":2,"s:41:4:50:Infinity":13,"f:53:2:53:9":3,"b:54:4:56:Infinity:undefined:undefined:undefined:undefined":3,"s:54:4:56:Infinity":14,"b:54:8:54:52:54:52:54:97":4,"s:55:6:55:Infinity":15,"b:57:4:60:Infinity:undefined:undefined:undefined:undefined":5,"s:57:4:60:Infinity":16,"s:58:6:58:Infinity":17,"s:59:6:59:Infinity":18,"b:61:4:61:Infinity:undefined:undefined:undefined:undefined":6,"s:61:4:61:Infinity":19,"s:61:40:61:Infinity":20,"b:62:4:62:Infinity:undefined:undefined:undefined:undefined":7,"s:62:4:62:Infinity":21,"s:62:46:62:Infinity":22,"s:63:4:63:Infinity":23,"f:66:2:66:10":4,"b:67:4:67:Infinity:undefined:undefined:undefined:undefined":8,"s:67:4:67:Infinity":24,"s:67:33:67:Infinity":25,"b:68:4:68:Infinity:undefined:undefined:undefined:undefined":9,"s:68:4:68:Infinity":26,"s:68:50:68:Infinity":27,"s:69:4:69:Infinity":28,"s:70:4:70:Infinity":29,"s:71:4:71:Infinity":30,"f:74:2:74:18":5,"b:75:4:75:Infinity:undefined:undefined:undefined:undefined":10,"s:75:4:75:Infinity":31,"s:75:53:75:Infinity":32,"b:76:4:76:Infinity:undefined:undefined:undefined:undefined":11,"s:76:4:76:Infinity":33,"s:76:49:76:Infinity":34,"s:77:4:77:Infinity":35,"s:78:4:78:Infinity":36,"s:79:4:79:Infinity":37,"f:82:2:82:18":6,"b:83:4:83:Infinity:undefined:undefined:undefined:undefined":12,"s:83:4:83:Infinity":38,"s:83:49:83:Infinity":39,"s:84:4:84:Infinity":40,"s:85:4:85:Infinity":41,"f:88:2:88:31":7,"s:89:4:89:Infinity":42,"s:90:4:90:Infinity":43,"f:93:2:93:23":8,"b:94:4:96:Infinity:undefined:undefined:undefined:undefined":13,"s:94:4:96:Infinity":44,"s:95:6:95:Infinity":45,"s:97:4:97:Infinity":46,"s:98:4:98:Infinity":47,"f:101:2:101:21":9,"b:102:4:104:Infinity:undefined:undefined:undefined:undefined":14,"s:102:4:104:Infinity":48,"b:102:8:102:55:102:55:102:97":15,"s:103:6:103:Infinity":49,"s:105:4:105:Infinity":50,"f:108:2:108:23":10,"s:109:4:109:Infinity":51,"b:109:11:109:58:109:58:109:Infinity":16,"f:112:2:112:24":11,"s:113:4:113:Infinity":52,"f:116:10:116:23":12,"b:117:4:117:Infinity:undefined:undefined:undefined:undefined":17,"s:117:4:117:Infinity":53,"b:117:8:117:17:117:17:117:43":18,"s:117:43:117:Infinity":54,"b:118:4:120:Infinity:undefined:undefined:undefined:undefined":19,"s:118:4:120:Infinity":55,"b:118:8:118:27:118:27:118:46":20,"s:119:6:119:Infinity":56,"f:123:2:123:106":13,"s:124:4:133:Infinity":57,"f:136:10:136:25":14,"s:137:4:137:Infinity":58,"f:140:2:140:27":15,"s:141:4:141:Infinity":59,"f:144:2:144:28":16,"s:145:4:145:Infinity":60}}}
,"E:\\Projects\\GitHubProjects\\EIA\\EIA\\src\\modules\\template\\domain\\aggregates\\workflow-definition.ts": {"path":"E:\\Projects\\GitHubProjects\\EIA\\EIA\\src\\modules\\template\\domain\\aggregates\\workflow-definition.ts","statementMap":{"0":{"start":{"line":6,"column":32},"end":{"line":6,"column":null}},"1":{"start":{"line":9,"column":20},"end":{"line":9,"column":null}},"2":{"start":{"line":10,"column":20},"end":{"line":10,"column":null}},"3":{"start":{"line":11,"column":11},"end":{"line":11,"column":null}},"4":{"start":{"line":12,"column":11},"end":{"line":12,"column":null}},"5":{"start":{"line":13,"column":11},"end":{"line":13,"column":null}},"6":{"start":{"line":14,"column":11},"end":{"line":14,"column":null}},"7":{"start":{"line":15,"column":11},"end":{"line":15,"column":null}},"8":{"start":{"line":16,"column":11},"end":{"line":16,"column":null}},"9":{"start":{"line":17,"column":20},"end":{"line":17,"column":null}},"10":{"start":{"line":18,"column":11},"end":{"line":18,"column":null}},"11":{"start":{"line":30,"column":16},"end":{"line":30,"column":null}},"12":{"start":{"line":31,"column":21},"end":{"line":42,"column":null}},"13":{"start":{"line":43,"column":4},"end":{"line":43,"column":null}},"14":{"start":{"line":44,"column":4},"end":{"line":44,"column":null}},"15":{"start":{"line":45,"column":4},"end":{"line":45,"column":null}},"16":{"start":{"line":46,"column":4},"end":{"line":46,"column":null}},"17":{"start":{"line":50,"column":4},"end":{"line":61,"column":null}},"18":{"start":{"line":71,"column":4},"end":{"line":74,"column":null}},"19":{"start":{"line":72,"column":6},"end":{"line":72,"column":null}},"20":{"start":{"line":73,"column":6},"end":{"line":73,"column":null}},"21":{"start":{"line":75,"column":4},"end":{"line":75,"column":null}},"22":{"start":{"line":75,"column":40},"end":{"line":75,"column":null}},"23":{"start":{"line":76,"column":4},"end":{"line":76,"column":null}},"24":{"start":{"line":76,"column":46},"end":{"line":76,"column":null}},"25":{"start":{"line":77,"column":4},"end":{"line":80,"column":null}},"26":{"start":{"line":78,"column":6},"end":{"line":78,"column":null}},"27":{"start":{"line":78,"column":29},"end":{"line":78,"column":null}},"28":{"start":{"line":79,"column":6},"end":{"line":79,"column":null}},"29":{"start":{"line":81,"column":4},"end":{"line":84,"column":null}},"30":{"start":{"line":82,"column":6},"end":{"line":82,"column":null}},"31":{"start":{"line":83,"column":6},"end":{"line":83,"column":null}},"32":{"start":{"line":85,"column":4},"end":{"line":85,"column":null}},"33":{"start":{"line":86,"column":4},"end":{"line":86,"column":null}},"34":{"start":{"line":90,"column":4},"end":{"line":90,"column":null}},"35":{"start":{"line":94,"column":4},"end":{"line":94,"column":null}},"36":{"start":{"line":98,"column":4},"end":{"line":98,"column":null}},"37":{"start":{"line":98,"column":43},"end":{"line":98,"column":null}},"38":{"start":{"line":99,"column":4},"end":{"line":99,"column":null}},"39":{"start":{"line":99,"column":46},"end":{"line":99,"column":null}},"40":{"start":{"line":103,"column":4},"end":{"line":103,"column":null}},"41":{"start":{"line":103,"column":34},"end":{"line":103,"column":null}},"42":{"start":{"line":104,"column":25},"end":{"line":104,"column":null}},"43":{"start":{"line":105,"column":4},"end":{"line":105,"column":null}},"44":{"start":{"line":105,"column":50},"end":{"line":105,"column":null}},"45":{"start":{"line":106,"column":24},"end":{"line":106,"column":null}},"46":{"start":{"line":107,"column":4},"end":{"line":109,"column":null}},"47":{"start":{"line":108,"column":6},"end":{"line":108,"column":null}},"48":{"start":{"line":108,"column":40},"end":{"line":108,"column":null}},"49":{"start":{"line":113,"column":4},"end":{"line":124,"column":null}},"50":{"start":{"line":128,"column":4},"end":{"line":128,"column":null}},"51":{"start":{"line":132,"column":4},"end":{"line":132,"column":null}},"52":{"start":{"line":136,"column":4},"end":{"line":136,"column":null}}},"fnMap":{"0":{"name":"(anonymous_0)","decl":{"start":{"line":8,"column":10},"end":{"line":8,"column":null}},"loc":{"start":{"line":19,"column":4},"end":{"line":19,"column":null}},"line":19},"1":{"name":"(anonymous_1)","decl":{"start":{"line":21,"column":9},"end":{"line":21,"column":16}},"loc":{"start":{"line":29,"column":25},"end":{"line":47,"column":null}},"line":29},"2":{"name":"(anonymous_2)","decl":{"start":{"line":49,"column":9},"end":{"line":49,"column":20}},"loc":{"start":{"line":49,"column":74},"end":{"line":62,"column":null}},"line":49},"3":{"name":"(anonymous_3)","decl":{"start":{"line":64,"column":2},"end":{"line":64,"column":9}},"loc":{"start":{"line":70,"column":11},"end":{"line":87,"column":null}},"line":70},"4":{"name":"(anonymous_4)","decl":{"start":{"line":89,"column":2},"end":{"line":89,"column":17}},"loc":{"start":{"line":89,"column":40},"end":{"line":91,"column":null}},"line":89},"5":{"name":"(anonymous_5)","decl":{"start":{"line":93,"column":2},"end":{"line":93,"column":22}},"loc":{"start":{"line":93,"column":22},"end":{"line":95,"column":null}},"line":93},"6":{"name":"(anonymous_6)","decl":{"start":{"line":97,"column":10},"end":{"line":97,"column":23}},"loc":{"start":{"line":97,"column":43},"end":{"line":100,"column":null}},"line":97},"7":{"name":"(anonymous_7)","decl":{"start":{"line":102,"column":10},"end":{"line":102,"column":33}},"loc":{"start":{"line":102,"column":33},"end":{"line":110,"column":null}},"line":102},"8":{"name":"(anonymous_8)","decl":{"start":{"line":112,"column":2},"end":{"line":112,"column":113}},"loc":{"start":{"line":112,"column":113},"end":{"line":125,"column":null}},"line":112},"9":{"name":"(anonymous_9)","decl":{"start":{"line":127,"column":10},"end":{"line":127,"column":25}},"loc":{"start":{"line":127,"column":43},"end":{"line":129,"column":null}},"line":127},"10":{"name":"(anonymous_10)","decl":{"start":{"line":131,"column":2},"end":{"line":131,"column":27}},"loc":{"start":{"line":131,"column":27},"end":{"line":133,"column":null}},"line":131},"11":{"name":"(anonymous_11)","decl":{"start":{"line":135,"column":2},"end":{"line":135,"column":28}},"loc":{"start":{"line":135,"column":28},"end":{"line":137,"column":null}},"line":135}},"branchMap":{"0":{"loc":{"start":{"line":32,"column":6},"end":{"line":32,"column":null}},"type":"cond-expr","locations":[{"start":{"line":32,"column":38},"end":{"line":32,"column":60}},{"start":{"line":32,"column":60},"end":{"line":32,"column":null}}],"line":32},"1":{"loc":{"start":{"line":36,"column":6},"end":{"line":36,"column":null}},"type":"binary-expr","locations":[{"start":{"line":36,"column":6},"end":{"line":36,"column":23}},{"start":{"line":36,"column":23},"end":{"line":36,"column":null}}],"line":36},"2":{"loc":{"start":{"line":37,"column":6},"end":{"line":37,"column":null}},"type":"binary-expr","locations":[{"start":{"line":37,"column":6},"end":{"line":37,"column":32}},{"start":{"line":37,"column":32},"end":{"line":37,"column":null}}],"line":37},"3":{"loc":{"start":{"line":38,"column":6},"end":{"line":38,"column":null}},"type":"binary-expr","locations":[{"start":{"line":38,"column":6},"end":{"line":38,"column":26}},{"start":{"line":38,"column":26},"end":{"line":38,"column":null}}],"line":38},"4":{"loc":{"start":{"line":71,"column":4},"end":{"line":74,"column":null}},"type":"if","locations":[{"start":{"line":71,"column":4},"end":{"line":74,"column":null}},{"start":{},"end":{}}],"line":71},"5":{"loc":{"start":{"line":75,"column":4},"end":{"line":75,"column":null}},"type":"if","locations":[{"start":{"line":75,"column":4},"end":{"line":75,"column":null}},{"start":{},"end":{}}],"line":75},"6":{"loc":{"start":{"line":76,"column":4},"end":{"line":76,"column":null}},"type":"if","locations":[{"start":{"line":76,"column":4},"end":{"line":76,"column":null}},{"start":{},"end":{}}],"line":76},"7":{"loc":{"start":{"line":77,"column":4},"end":{"line":80,"column":null}},"type":"if","locations":[{"start":{"line":77,"column":4},"end":{"line":80,"column":null}},{"start":{},"end":{}}],"line":77},"8":{"loc":{"start":{"line":78,"column":6},"end":{"line":78,"column":null}},"type":"if","locations":[{"start":{"line":78,"column":6},"end":{"line":78,"column":null}},{"start":{},"end":{}}],"line":78},"9":{"loc":{"start":{"line":81,"column":4},"end":{"line":84,"column":null}},"type":"if","locations":[{"start":{"line":81,"column":4},"end":{"line":84,"column":null}},{"start":{},"end":{}}],"line":81},"10":{"loc":{"start":{"line":98,"column":4},"end":{"line":98,"column":null}},"type":"if","locations":[{"start":{"line":98,"column":4},"end":{"line":98,"column":null}},{"start":{},"end":{}}],"line":98},"11":{"loc":{"start":{"line":98,"column":8},"end":{"line":98,"column":43}},"type":"binary-expr","locations":[{"start":{"line":98,"column":8},"end":{"line":98,"column":17}},{"start":{"line":98,"column":17},"end":{"line":98,"column":43}}],"line":98},"12":{"loc":{"start":{"line":99,"column":4},"end":{"line":99,"column":null}},"type":"if","locations":[{"start":{"line":99,"column":4},"end":{"line":99,"column":null}},{"start":{},"end":{}}],"line":99},"13":{"loc":{"start":{"line":99,"column":8},"end":{"line":99,"column":46}},"type":"binary-expr","locations":[{"start":{"line":99,"column":8},"end":{"line":99,"column":27}},{"start":{"line":99,"column":27},"end":{"line":99,"column":46}}],"line":99},"14":{"loc":{"start":{"line":103,"column":4},"end":{"line":103,"column":null}},"type":"if","locations":[{"start":{"line":103,"column":4},"end":{"line":103,"column":null}},{"start":{},"end":{}}],"line":103},"15":{"loc":{"start":{"line":105,"column":4},"end":{"line":105,"column":null}},"type":"if","locations":[{"start":{"line":105,"column":4},"end":{"line":105,"column":null}},{"start":{},"end":{}}],"line":105},"16":{"loc":{"start":{"line":108,"column":6},"end":{"line":108,"column":null}},"type":"if","locations":[{"start":{"line":108,"column":6},"end":{"line":108,"column":null}},{"start":{},"end":{}}],"line":108}},"s":{"0":9,"1":9,"2":9,"3":9,"4":9,"5":9,"6":9,"7":9,"8":9,"9":9,"10":9,"11":9,"12":9,"13":9,"14":9,"15":9,"16":9,"17":0,"18":1,"19":1,"20":1,"21":1,"22":0,"23":1,"24":0,"25":1,"26":1,"27":0,"28":1,"29":1,"30":1,"31":1,"32":1,"33":1,"34":4,"35":0,"36":9,"37":0,"38":9,"39":0,"40":10,"41":1,"42":9,"43":9,"44":0,"45":9,"46":9,"47":16,"48":0,"49":0,"50":9,"51":1,"52":0},"f":{"0":9,"1":9,"2":9,"3":1,"4":4,"5":0,"6":9,"7":10,"8":0,"9":9,"10":1,"11":0},"b":{"0":[9,0],"1":[9,9],"2":[9,9],"3":[9,9],"4":[1,0],"5":[0,1],"6":[0,1],"7":[1,0],"8":[0,1],"9":[1,0],"10":[0,9],"11":[9,9],"12":[0,9],"13":[9,9],"14":[1,9],"15":[0,9],"16":[0,16]},"meta":{"lastBranch":17,"lastFunction":12,"lastStatement":53,"seen":{"s:6:32:6:Infinity":0,"f:8:10:8:Infinity":0,"s:9:20:9:Infinity":1,"s:10:20:10:Infinity":2,"s:11:11:11:Infinity":3,"s:12:11:12:Infinity":4,"s:13:11:13:Infinity":5,"s:14:11:14:Infinity":6,"s:15:11:15:Infinity":7,"s:16:11:16:Infinity":8,"s:17:20:17:Infinity":9,"s:18:11:18:Infinity":10,"f:21:9:21:16":1,"s:30:16:30:Infinity":11,"s:31:21:42:Infinity":12,"b:32:38:32:60:32:60:32:Infinity":0,"b:36:6:36:23:36:23:36:Infinity":1,"b:37:6:37:32:37:32:37:Infinity":2,"b:38:6:38:26:38:26:38:Infinity":3,"s:43:4:43:Infinity":13,"s:44:4:44:Infinity":14,"s:45:4:45:Infinity":15,"s:46:4:46:Infinity":16,"f:49:9:49:20":2,"s:50:4:61:Infinity":17,"f:64:2:64:9":3,"b:71:4:74:Infinity:undefined:undefined:undefined:undefined":4,"s:71:4:74:Infinity":18,"s:72:6:72:Infinity":19,"s:73:6:73:Infinity":20,"b:75:4:75:Infinity:undefined:undefined:undefined:undefined":5,"s:75:4:75:Infinity":21,"s:75:40:75:Infinity":22,"b:76:4:76:Infinity:undefined:undefined:undefined:undefined":6,"s:76:4:76:Infinity":23,"s:76:46:76:Infinity":24,"b:77:4:80:Infinity:undefined:undefined:undefined:undefined":7,"s:77:4:80:Infinity":25,"b:78:6:78:Infinity:undefined:undefined:undefined:undefined":8,"s:78:6:78:Infinity":26,"s:78:29:78:Infinity":27,"s:79:6:79:Infinity":28,"b:81:4:84:Infinity:undefined:undefined:undefined:undefined":9,"s:81:4:84:Infinity":29,"s:82:6:82:Infinity":30,"s:83:6:83:Infinity":31,"s:85:4:85:Infinity":32,"s:86:4:86:Infinity":33,"f:89:2:89:17":4,"s:90:4:90:Infinity":34,"f:93:2:93:22":5,"s:94:4:94:Infinity":35,"f:97:10:97:23":6,"b:98:4:98:Infinity:undefined:undefined:undefined:undefined":10,"s:98:4:98:Infinity":36,"b:98:8:98:17:98:17:98:43":11,"s:98:43:98:Infinity":37,"b:99:4:99:Infinity:undefined:undefined:undefined:undefined":12,"s:99:4:99:Infinity":38,"b:99:8:99:27:99:27:99:46":13,"s:99:46:99:Infinity":39,"f:102:10:102:33":7,"b:103:4:103:Infinity:undefined:undefined:undefined:undefined":14,"s:103:4:103:Infinity":40,"s:103:34:103:Infinity":41,"s:104:25:104:Infinity":42,"b:105:4:105:Infinity:undefined:undefined:undefined:undefined":15,"s:105:4:105:Infinity":43,"s:105:50:105:Infinity":44,"s:106:24:106:Infinity":45,"s:107:4:109:Infinity":46,"b:108:6:108:Infinity:undefined:undefined:undefined:undefined":16,"s:108:6:108:Infinity":47,"s:108:40:108:Infinity":48,"f:112:2:112:113":8,"s:113:4:124:Infinity":49,"f:127:10:127:25":9,"s:128:4:128:Infinity":50,"f:131:2:131:27":10,"s:132:4:132:Infinity":51,"f:135:2:135:28":11,"s:136:4:136:Infinity":52}}}
,"E:\\Projects\\GitHubProjects\\EIA\\EIA\\src\\modules\\template\\domain\\entities\\flow-template-node.entity.ts": {"path":"E:\\Projects\\GitHubProjects\\EIA\\EIA\\src\\modules\\template\\domain\\entities\\flow-template-node.entity.ts","statementMap":{"0":{"start":{"line":7,"column":32},"end":{"line":7,"column":null}},"1":{"start":{"line":10,"column":20},"end":{"line":10,"column":null}},"2":{"start":{"line":11,"column":20},"end":{"line":11,"column":null}},"3":{"start":{"line":12,"column":20},"end":{"line":12,"column":null}},"4":{"start":{"line":13,"column":11},"end":{"line":13,"column":null}},"5":{"start":{"line":14,"column":11},"end":{"line":14,"column":null}},"6":{"start":{"line":15,"column":11},"end":{"line":15,"column":null}},"7":{"start":{"line":16,"column":11},"end":{"line":16,"column":null}},"8":{"start":{"line":17,"column":11},"end":{"line":17,"column":null}},"9":{"start":{"line":18,"column":11},"end":{"line":18,"column":null}},"10":{"start":{"line":19,"column":11},"end":{"line":19,"column":null}},"11":{"start":{"line":20,"column":11},"end":{"line":20,"column":null}},"12":{"start":{"line":21,"column":11},"end":{"line":21,"column":null}},"13":{"start":{"line":22,"column":11},"end":{"line":22,"column":null}},"14":{"start":{"line":23,"column":20},"end":{"line":23,"column":null}},"15":{"start":{"line":24,"column":11},"end":{"line":24,"column":null}},"16":{"start":{"line":41,"column":16},"end":{"line":41,"column":null}},"17":{"start":{"line":42,"column":19},"end":{"line":42,"column":null}},"18":{"start":{"line":43,"column":4},"end":{"line":45,"column":null}},"19":{"start":{"line":44,"column":6},"end":{"line":44,"column":null}},"20":{"start":{"line":46,"column":17},"end":{"line":62,"column":null}},"21":{"start":{"line":63,"column":4},"end":{"line":63,"column":null}},"22":{"start":{"line":64,"column":4},"end":{"line":64,"column":null}},"23":{"start":{"line":68,"column":4},"end":{"line":84,"column":null}},"24":{"start":{"line":97,"column":4},"end":{"line":102,"column":null}},"25":{"start":{"line":98,"column":6},"end":{"line":100,"column":null}},"26":{"start":{"line":99,"column":8},"end":{"line":99,"column":null}},"27":{"start":{"line":101,"column":6},"end":{"line":101,"column":null}},"28":{"start":{"line":103,"column":4},"end":{"line":103,"column":null}},"29":{"start":{"line":103,"column":40},"end":{"line":103,"column":null}},"30":{"start":{"line":104,"column":4},"end":{"line":104,"column":null}},"31":{"start":{"line":104,"column":34},"end":{"line":104,"column":null}},"32":{"start":{"line":105,"column":4},"end":{"line":108,"column":null}},"33":{"start":{"line":106,"column":6},"end":{"line":106,"column":null}},"34":{"start":{"line":106,"column":29},"end":{"line":106,"column":null}},"35":{"start":{"line":107,"column":6},"end":{"line":107,"column":null}},"36":{"start":{"line":109,"column":4},"end":{"line":109,"column":null}},"37":{"start":{"line":109,"column":46},"end":{"line":109,"column":null}},"38":{"start":{"line":110,"column":4},"end":{"line":110,"column":null}},"39":{"start":{"line":110,"column":38},"end":{"line":110,"column":null}},"40":{"start":{"line":111,"column":4},"end":{"line":111,"column":null}},"41":{"start":{"line":111,"column":38},"end":{"line":111,"column":null}},"42":{"start":{"line":112,"column":4},"end":{"line":114,"column":null}},"43":{"start":{"line":113,"column":6},"end":{"line":113,"column":null}},"44":{"start":{"line":115,"column":4},"end":{"line":115,"column":null}},"45":{"start":{"line":116,"column":4},"end":{"line":116,"column":null}},"46":{"start":{"line":120,"column":4},"end":{"line":136,"column":null}},"47":{"start":{"line":140,"column":4},"end":{"line":140,"column":null}},"48":{"start":{"line":144,"column":4},"end":{"line":144,"column":null}},"49":{"start":{"line":148,"column":4},"end":{"line":148,"column":null}}},"fnMap":{"0":{"name":"(anonymous_0)","decl":{"start":{"line":9,"column":10},"end":{"line":9,"column":null}},"loc":{"start":{"line":25,"column":4},"end":{"line":25,"column":null}},"line":25},"1":{"name":"(anonymous_1)","decl":{"start":{"line":27,"column":9},"end":{"line":27,"column":16}},"loc":{"start":{"line":40,"column":29},"end":{"line":65,"column":null}},"line":40},"2":{"name":"(anonymous_2)","decl":{"start":{"line":67,"column":9},"end":{"line":67,"column":20}},"loc":{"start":{"line":67,"column":76},"end":{"line":85,"column":null}},"line":67},"3":{"name":"(anonymous_3)","decl":{"start":{"line":87,"column":2},"end":{"line":87,"column":9}},"loc":{"start":{"line":96,"column":11},"end":{"line":117,"column":null}},"line":96},"4":{"name":"(anonymous_4)","decl":{"start":{"line":119,"column":2},"end":{"line":119,"column":111}},"loc":{"start":{"line":119,"column":111},"end":{"line":137,"column":null}},"line":119},"5":{"name":"(anonymous_5)","decl":{"start":{"line":139,"column":10},"end":{"line":139,"column":25}},"loc":{"start":{"line":139,"column":43},"end":{"line":141,"column":null}},"line":139},"6":{"name":"(anonymous_6)","decl":{"start":{"line":143,"column":2},"end":{"line":143,"column":27}},"loc":{"start":{"line":143,"column":27},"end":{"line":145,"column":null}},"line":143},"7":{"name":"(anonymous_7)","decl":{"start":{"line":147,"column":2},"end":{"line":147,"column":28}},"loc":{"start":{"line":147,"column":28},"end":{"line":149,"column":null}},"line":147}},"branchMap":{"0":{"loc":{"start":{"line":43,"column":4},"end":{"line":45,"column":null}},"type":"if","locations":[{"start":{"line":43,"column":4},"end":{"line":45,"column":null}},{"start":{},"end":{}}],"line":43},"1":{"loc":{"start":{"line":43,"column":8},"end":{"line":43,"column":55}},"type":"binary-expr","locations":[{"start":{"line":43,"column":8},"end":{"line":43,"column":23}},{"start":{"line":43,"column":23},"end":{"line":43,"column":55}}],"line":43},"2":{"loc":{"start":{"line":47,"column":6},"end":{"line":47,"column":null}},"type":"cond-expr","locations":[{"start":{"line":47,"column":38},"end":{"line":47,"column":60}},{"start":{"line":47,"column":60},"end":{"line":47,"column":null}}],"line":47},"3":{"loc":{"start":{"line":52,"column":6},"end":{"line":52,"column":null}},"type":"binary-expr","locations":[{"start":{"line":52,"column":6},"end":{"line":52,"column":26}},{"start":{"line":52,"column":26},"end":{"line":52,"column":null}}],"line":52},"4":{"loc":{"start":{"line":55,"column":6},"end":{"line":55,"column":null}},"type":"binary-expr","locations":[{"start":{"line":55,"column":6},"end":{"line":55,"column":23}},{"start":{"line":55,"column":23},"end":{"line":55,"column":null}}],"line":55},"5":{"loc":{"start":{"line":56,"column":6},"end":{"line":56,"column":null}},"type":"binary-expr","locations":[{"start":{"line":56,"column":6},"end":{"line":56,"column":32}},{"start":{"line":56,"column":32},"end":{"line":56,"column":null}}],"line":56},"6":{"loc":{"start":{"line":97,"column":4},"end":{"line":102,"column":null}},"type":"if","locations":[{"start":{"line":97,"column":4},"end":{"line":102,"column":null}},{"start":{},"end":{}}],"line":97},"7":{"loc":{"start":{"line":98,"column":6},"end":{"line":100,"column":null}},"type":"if","locations":[{"start":{"line":98,"column":6},"end":{"line":100,"column":null}},{"start":{},"end":{}}],"line":98},"8":{"loc":{"start":{"line":98,"column":10},"end":{"line":98,"column":57}},"type":"binary-expr","locations":[{"start":{"line":98,"column":10},"end":{"line":98,"column":25}},{"start":{"line":98,"column":25},"end":{"line":98,"column":57}}],"line":98},"9":{"loc":{"start":{"line":103,"column":4},"end":{"line":103,"column":null}},"type":"if","locations":[{"start":{"line":103,"column":4},"end":{"line":103,"column":null}},{"start":{},"end":{}}],"line":103},"10":{"loc":{"start":{"line":104,"column":4},"end":{"line":104,"column":null}},"type":"if","locations":[{"start":{"line":104,"column":4},"end":{"line":104,"column":null}},{"start":{},"end":{}}],"line":104},"11":{"loc":{"start":{"line":105,"column":4},"end":{"line":108,"column":null}},"type":"if","locations":[{"start":{"line":105,"column":4},"end":{"line":108,"column":null}},{"start":{},"end":{}}],"line":105},"12":{"loc":{"start":{"line":106,"column":6},"end":{"line":106,"column":null}},"type":"if","locations":[{"start":{"line":106,"column":6},"end":{"line":106,"column":null}},{"start":{},"end":{}}],"line":106},"13":{"loc":{"start":{"line":109,"column":4},"end":{"line":109,"column":null}},"type":"if","locations":[{"start":{"line":109,"column":4},"end":{"line":109,"column":null}},{"start":{},"end":{}}],"line":109},"14":{"loc":{"start":{"line":110,"column":4},"end":{"line":110,"column":null}},"type":"if","locations":[{"start":{"line":110,"column":4},"end":{"line":110,"column":null}},{"start":{},"end":{}}],"line":110},"15":{"loc":{"start":{"line":111,"column":4},"end":{"line":111,"column":null}},"type":"if","locations":[{"start":{"line":111,"column":4},"end":{"line":111,"column":null}},{"start":{},"end":{}}],"line":111},"16":{"loc":{"start":{"line":112,"column":4},"end":{"line":114,"column":null}},"type":"if","locations":[{"start":{"line":112,"column":4},"end":{"line":114,"column":null}},{"start":{},"end":{}}],"line":112}},"s":{"0":4,"1":4,"2":4,"3":4,"4":4,"5":4,"6":4,"7":4,"8":4,"9":4,"10":4,"11":4,"12":4,"13":4,"14":4,"15":4,"16":4,"17":4,"18":4,"19":0,"20":4,"21":4,"22":4,"23":0,"24":0,"25":0,"26":0,"27":0,"28":0,"29":0,"30":0,"31":0,"32":0,"33":0,"34":0,"35":0,"36":0,"37":0,"38":0,"39":0,"40":0,"41":0,"42":0,"43":0,"44":0,"45":0,"46":0,"47":4,"48":0,"49":0},"f":{"0":4,"1":4,"2":4,"3":0,"4":0,"5":4,"6":0,"7":0},"b":{"0":[0,4],"1":[4,4],"2":[4,0],"3":[4,4],"4":[4,4],"5":[4,4],"6":[0,0],"7":[0,0],"8":[0,0],"9":[0,0],"10":[0,0],"11":[0,0],"12":[0,0],"13":[0,0],"14":[0,0],"15":[0,0],"16":[0,0]},"meta":{"lastBranch":17,"lastFunction":8,"lastStatement":50,"seen":{"s:7:32:7:Infinity":0,"f:9:10:9:Infinity":0,"s:10:20:10:Infinity":1,"s:11:20:11:Infinity":2,"s:12:20:12:Infinity":3,"s:13:11:13:Infinity":4,"s:14:11:14:Infinity":5,"s:15:11:15:Infinity":6,"s:16:11:16:Infinity":7,"s:17:11:17:Infinity":8,"s:18:11:18:Infinity":9,"s:19:11:19:Infinity":10,"s:20:11:20:Infinity":11,"s:21:11:21:Infinity":12,"s:22:11:22:Infinity":13,"s:23:20:23:Infinity":14,"s:24:11:24:Infinity":15,"f:27:9:27:16":1,"s:41:16:41:Infinity":16,"s:42:19:42:Infinity":17,"b:43:4:45:Infinity:undefined:undefined:undefined:undefined":0,"s:43:4:45:Infinity":18,"b:43:8:43:23:43:23:43:55":1,"s:44:6:44:Infinity":19,"s:46:17:62:Infinity":20,"b:47:38:47:60:47:60:47:Infinity":2,"b:52:6:52:26:52:26:52:Infinity":3,"b:55:6:55:23:55:23:55:Infinity":4,"b:56:6:56:32:56:32:56:Infinity":5,"s:63:4:63:Infinity":21,"s:64:4:64:Infinity":22,"f:67:9:67:20":2,"s:68:4:84:Infinity":23,"f:87:2:87:9":3,"b:97:4:102:Infinity:undefined:undefined:undefined:undefined":6,"s:97:4:102:Infinity":24,"b:98:6:100:Infinity:undefined:undefined:undefined:undefined":7,"s:98:6:100:Infinity":25,"b:98:10:98:25:98:25:98:57":8,"s:99:8:99:Infinity":26,"s:101:6:101:Infinity":27,"b:103:4:103:Infinity:undefined:undefined:undefined:undefined":9,"s:103:4:103:Infinity":28,"s:103:40:103:Infinity":29,"b:104:4:104:Infinity:undefined:undefined:undefined:undefined":10,"s:104:4:104:Infinity":30,"s:104:34:104:Infinity":31,"b:105:4:108:Infinity:undefined:undefined:undefined:undefined":11,"s:105:4:108:Infinity":32,"b:106:6:106:Infinity:undefined:undefined:undefined:undefined":12,"s:106:6:106:Infinity":33,"s:106:29:106:Infinity":34,"s:107:6:107:Infinity":35,"b:109:4:109:Infinity:undefined:undefined:undefined:undefined":13,"s:109:4:109:Infinity":36,"s:109:46:109:Infinity":37,"b:110:4:110:Infinity:undefined:undefined:undefined:undefined":14,"s:110:4:110:Infinity":38,"s:110:38:110:Infinity":39,"b:111:4:111:Infinity:undefined:undefined:undefined:undefined":15,"s:111:4:111:Infinity":40,"s:111:38:111:Infinity":41,"b:112:4:114:Infinity:undefined:undefined:undefined:undefined":16,"s:112:4:114:Infinity":42,"s:113:6:113:Infinity":43,"s:115:4:115:Infinity":44,"s:116:4:116:Infinity":45,"f:119:2:119:111":4,"s:120:4:136:Infinity":46,"f:139:10:139:25":5,"s:140:4:140:Infinity":47,"f:143:2:143:27":6,"s:144:4:144:Infinity":48,"f:147:2:147:28":7,"s:148:4:148:Infinity":49}}}
,"E:\\Projects\\GitHubProjects\\EIA\\EIA\\src\\modules\\template\\domain\\entities\\phase-mapping.entity.ts": {"path":"E:\\Projects\\GitHubProjects\\EIA\\EIA\\src\\modules\\template\\domain\\entities\\phase-mapping.entity.ts","statementMap":{"0":{"start":{"line":6,"column":20},"end":{"line":6,"column":null}},"1":{"start":{"line":7,"column":20},"end":{"line":7,"column":null}},"2":{"start":{"line":8,"column":11},"end":{"line":8,"column":null}},"3":{"start":{"line":9,"column":11},"end":{"line":9,"column":null}},"4":{"start":{"line":10,"column":20},"end":{"line":10,"column":null}},"5":{"start":{"line":11,"column":11},"end":{"line":11,"column":null}},"6":{"start":{"line":15,"column":4},"end":{"line":22,"column":null}},"7":{"start":{"line":26,"column":4},"end":{"line":26,"column":null}},"8":{"start":{"line":30,"column":4},"end":{"line":30,"column":null}},"9":{"start":{"line":34,"column":4},"end":{"line":41,"column":null}},"10":{"start":{"line":45,"column":4},"end":{"line":52,"column":null}}},"fnMap":{"0":{"name":"(anonymous_0)","decl":{"start":{"line":5,"column":10},"end":{"line":5,"column":null}},"loc":{"start":{"line":12,"column":4},"end":{"line":12,"column":null}},"line":12},"1":{"name":"(anonymous_1)","decl":{"start":{"line":14,"column":9},"end":{"line":14,"column":20}},"loc":{"start":{"line":14,"column":68},"end":{"line":23,"column":null}},"line":14},"2":{"name":"(anonymous_2)","decl":{"start":{"line":25,"column":2},"end":{"line":25,"column":17}},"loc":{"start":{"line":25,"column":40},"end":{"line":27,"column":null}},"line":25},"3":{"name":"(anonymous_3)","decl":{"start":{"line":29,"column":2},"end":{"line":29,"column":37}},"loc":{"start":{"line":29,"column":37},"end":{"line":31,"column":null}},"line":29},"4":{"name":"(anonymous_4)","decl":{"start":{"line":33,"column":2},"end":{"line":33,"column":107}},"loc":{"start":{"line":33,"column":107},"end":{"line":42,"column":null}},"line":33},"5":{"name":"(anonymous_5)","decl":{"start":{"line":44,"column":2},"end":{"line":44,"column":11}},"loc":{"start":{"line":44,"column":11},"end":{"line":53,"column":null}},"line":44}},"branchMap":{},"s":{"0":1,"1":1,"2":1,"3":1,"4":1,"5":1,"6":0,"7":2,"8":1,"9":0,"10":0},"f":{"0":1,"1":1,"2":2,"3":1,"4":0,"5":0},"b":{},"meta":{"lastBranch":0,"lastFunction":6,"lastStatement":11,"seen":{"f:5:10:5:Infinity":0,"s:6:20:6:Infinity":0,"s:7:20:7:Infinity":1,"s:8:11:8:Infinity":2,"s:9:11:9:Infinity":3,"s:10:20:10:Infinity":4,"s:11:11:11:Infinity":5,"f:14:9:14:20":1,"s:15:4:22:Infinity":6,"f:25:2:25:17":2,"s:26:4:26:Infinity":7,"f:29:2:29:37":3,"s:30:4:30:Infinity":8,"f:33:2:33:107":4,"s:34:4:41:Infinity":9,"f:44:2:44:11":5,"s:45:4:52:Infinity":10}}}
,"E:\\Projects\\GitHubProjects\\EIA\\EIA\\src\\modules\\template\\domain\\entities\\validation-issue.entity.ts": {"path":"E:\\Projects\\GitHubProjects\\EIA\\EIA\\src\\modules\\template\\domain\\entities\\validation-issue.entity.ts","statementMap":{"0":{"start":{"line":6,"column":20},"end":{"line":6,"column":null}},"1":{"start":{"line":7,"column":20},"end":{"line":7,"column":null}},"2":{"start":{"line":8,"column":20},"end":{"line":8,"column":null}},"3":{"start":{"line":9,"column":20},"end":{"line":9,"column":null}},"4":{"start":{"line":10,"column":11},"end":{"line":10,"column":null}},"5":{"start":{"line":11,"column":11},"end":{"line":11,"column":null}},"6":{"start":{"line":12,"column":11},"end":{"line":12,"column":null}},"7":{"start":{"line":13,"column":11},"end":{"line":13,"column":null}},"8":{"start":{"line":14,"column":20},"end":{"line":14,"column":null}},"9":{"start":{"line":15,"column":11},"end":{"line":15,"column":null}},"10":{"start":{"line":29,"column":4},"end":{"line":40,"column":null}},"11":{"start":{"line":49,"column":4},"end":{"line":60,"column":null}},"12":{"start":{"line":69,"column":4},"end":{"line":80,"column":null}},"13":{"start":{"line":88,"column":4},"end":{"line":99,"column":null}},"14":{"start":{"line":103,"column":4},"end":{"line":114,"column":null}},"15":{"start":{"line":118,"column":4},"end":{"line":118,"column":null}},"16":{"start":{"line":122,"column":4},"end":{"line":124,"column":null}},"17":{"start":{"line":123,"column":6},"end":{"line":123,"column":null}},"18":{"start":{"line":125,"column":5},"end":{"line":125,"column":null}},"19":{"start":{"line":129,"column":4},"end":{"line":129,"column":null}},"20":{"start":{"line":133,"column":4},"end":{"line":133,"column":null}},"21":{"start":{"line":137,"column":4},"end":{"line":148,"column":null}},"22":{"start":{"line":152,"column":4},"end":{"line":163,"column":null}}},"fnMap":{"0":{"name":"(anonymous_0)","decl":{"start":{"line":5,"column":10},"end":{"line":5,"column":null}},"loc":{"start":{"line":16,"column":4},"end":{"line":16,"column":null}},"line":16},"1":{"name":"(anonymous_1)","decl":{"start":{"line":18,"column":9},"end":{"line":18,"column":null}},"loc":{"start":{"line":28,"column":27},"end":{"line":41,"column":null}},"line":28},"2":{"name":"(anonymous_2)","decl":{"start":{"line":43,"column":9},"end":{"line":43,"column":null}},"loc":{"start":{"line":48,"column":27},"end":{"line":61,"column":null}},"line":48},"3":{"name":"(anonymous_3)","decl":{"start":{"line":63,"column":9},"end":{"line":63,"column":null}},"loc":{"start":{"line":68,"column":27},"end":{"line":81,"column":null}},"line":68},"4":{"name":"(anonymous_4)","decl":{"start":{"line":83,"column":9},"end":{"line":83,"column":null}},"loc":{"start":{"line":87,"column":27},"end":{"line":100,"column":null}},"line":87},"5":{"name":"(anonymous_5)","decl":{"start":{"line":102,"column":9},"end":{"line":102,"column":20}},"loc":{"start":{"line":102,"column":74},"end":{"line":115,"column":null}},"line":102},"6":{"name":"(anonymous_6)","decl":{"start":{"line":117,"column":2},"end":{"line":117,"column":24}},"loc":{"start":{"line":117,"column":24},"end":{"line":119,"column":null}},"line":117},"7":{"name":"(anonymous_7)","decl":{"start":{"line":121,"column":2},"end":{"line":121,"column":18}},"loc":{"start":{"line":121,"column":18},"end":{"line":126,"column":null}},"line":121},"8":{"name":"(anonymous_8)","decl":{"start":{"line":128,"column":2},"end":{"line":128,"column":21}},"loc":{"start":{"line":128,"column":21},"end":{"line":130,"column":null}},"line":128},"9":{"name":"(anonymous_9)","decl":{"start":{"line":132,"column":2},"end":{"line":132,"column":23}},"loc":{"start":{"line":132,"column":23},"end":{"line":134,"column":null}},"line":132},"10":{"name":"(anonymous_10)","decl":{"start":{"line":136,"column":2},"end":{"line":136,"column":78}},"loc":{"start":{"line":136,"column":78},"end":{"line":149,"column":null}},"line":136},"11":{"name":"(anonymous_11)","decl":{"start":{"line":151,"column":2},"end":{"line":151,"column":11}},"loc":{"start":{"line":151,"column":11},"end":{"line":164,"column":null}},"line":151}},"branchMap":{"0":{"loc":{"start":{"line":30,"column":6},"end":{"line":30,"column":null}},"type":"cond-expr","locations":[{"start":{"line":30,"column":38},"end":{"line":30,"column":60}},{"start":{"line":30,"column":60},"end":{"line":30,"column":null}}],"line":30},"1":{"loc":{"start":{"line":50,"column":6},"end":{"line":50,"column":null}},"type":"cond-expr","locations":[{"start":{"line":50,"column":38},"end":{"line":50,"column":60}},{"start":{"line":50,"column":60},"end":{"line":50,"column":null}}],"line":50},"2":{"loc":{"start":{"line":70,"column":6},"end":{"line":70,"column":null}},"type":"cond-expr","locations":[{"start":{"line":70,"column":38},"end":{"line":70,"column":60}},{"start":{"line":70,"column":60},"end":{"line":70,"column":null}}],"line":70},"3":{"loc":{"start":{"line":89,"column":6},"end":{"line":89,"column":null}},"type":"cond-expr","locations":[{"start":{"line":89,"column":38},"end":{"line":89,"column":60}},{"start":{"line":89,"column":60},"end":{"line":89,"column":null}}],"line":89},"4":{"loc":{"start":{"line":106,"column":6},"end":{"line":106,"column":null}},"type":"binary-expr","locations":[{"start":{"line":106,"column":6},"end":{"line":106,"column":27}},{"start":{"line":106,"column":27},"end":{"line":106,"column":null}}],"line":106},"5":{"loc":{"start":{"line":107,"column":6},"end":{"line":107,"column":null}},"type":"binary-expr","locations":[{"start":{"line":107,"column":6},"end":{"line":107,"column":23}},{"start":{"line":107,"column":23},"end":{"line":107,"column":null}}],"line":107},"6":{"loc":{"start":{"line":113,"column":6},"end":{"line":113,"column":null}},"type":"binary-expr","locations":[{"start":{"line":113,"column":6},"end":{"line":113,"column":27}},{"start":{"line":113,"column":27},"end":{"line":113,"column":null}}],"line":113},"7":{"loc":{"start":{"line":122,"column":4},"end":{"line":124,"column":null}},"type":"if","locations":[{"start":{"line":122,"column":4},"end":{"line":124,"column":null}},{"start":{},"end":{}}],"line":122},"8":{"loc":{"start":{"line":140,"column":18},"end":{"line":140,"column":null}},"type":"binary-expr","locations":[{"start":{"line":140,"column":18},"end":{"line":140,"column":37}},{"start":{"line":140,"column":37},"end":{"line":140,"column":null}}],"line":140},"9":{"loc":{"start":{"line":141,"column":14},"end":{"line":141,"column":null}},"type":"binary-expr","locations":[{"start":{"line":141,"column":14},"end":{"line":141,"column":29}},{"start":{"line":141,"column":29},"end":{"line":141,"column":null}}],"line":141},"10":{"loc":{"start":{"line":147,"column":18},"end":{"line":147,"column":null}},"type":"binary-expr","locations":[{"start":{"line":147,"column":18},"end":{"line":147,"column":37}},{"start":{"line":147,"column":37},"end":{"line":147,"column":null}}],"line":147},"11":{"loc":{"start":{"line":162,"column":18},"end":{"line":162,"column":null}},"type":"binary-expr","locations
[...]
pact-assessment.ts": {"path":"E:\\Projects\\GitHubProjects\\EIA\\EIA\\src\\shared\\types\\value-objects\\impact-assessment.ts","statementMap":{"0":{"start":{"line":51,"column":38},"end":{"line":57,"column":null}},"1":{"start":{"line":62,"column":34},"end":{"line":67,"column":null}},"2":{"start":{"line":72,"column":38},"end":{"line":77,"column":null}},"3":{"start":{"line":87,"column":17},"end":{"line":87,"column":null}},"4":{"start":{"line":88,"column":2},"end":{"line":88,"column":null}},"5":{"start":{"line":99,"column":2},"end":{"line":101,"column":null}},"6":{"start":{"line":100,"column":4},"end":{"line":100,"column":null}},"7":{"start":{"line":100,"column":35},"end":{"line":100,"column":72}},"8":{"start":{"line":108,"column":2},"end":{"line":108,"column":null}},"9":{"start":{"line":115,"column":2},"end":{"line":117,"column":null}},"10":{"start":{"line":116,"column":4},"end":{"line":116,"column":null}},"11":{"start":{"line":116,"column":35},"end":{"line":116,"column":75}},"12":{"start":{"line":124,"column":2},"end":{"line":126,"column":null}},"13":{"start":{"line":125,"column":4},"end":{"line":125,"column":null}},"14":{"start":{"line":125,"column":35},"end":{"line":125,"column":72}},"15":{"start":{"line":133,"column":2},"end":{"line":133,"column":null}},"16":{"start":{"line":140,"column":2},"end":{"line":140,"column":null}},"17":{"start":{"line":147,"column":2},"end":{"line":147,"column":null}},"18":{"start":{"line":147,"column":58},"end":{"line":147,"column":89}},"19":{"start":{"line":154,"column":2},"end":{"line":156,"column":null}},"20":{"start":{"line":155,"column":4},"end":{"line":155,"column":null}},"21":{"start":{"line":155,"column":35},"end":{"line":155,"column":62}},"22":{"start":{"line":163,"column":2},"end":{"line":167,"column":null}}},"fnMap":{"0":{"name":"isImpactAssessment","decl":{"start":{"line":86,"column":16},"end":{"line":86,"column":35}},"loc":{"start":{"line":86,"column":78},"end":{"line":89,"column":null}},"line":86},"1":{"name":"getHighImpactDocuments","decl":{"start":{"line":98,"column":16},"end":{"line":98,"column":39}},"loc":{"start":{"line":98,"column":89},"end":{"line":102,"column":null}},"line":98},"2":{"name":"(anonymous_2)","decl":{"start":{"line":99,"column":42},"end":{"line":99,"column":43}},"loc":{"start":{"line":100,"column":4},"end":{"line":100,"column":null}},"line":100},"3":{"name":"(anonymous_3)","decl":{"start":{"line":100,"column":26},"end":{"line":100,"column":27}},"loc":{"start":{"line":100,"column":35},"end":{"line":100,"column":72}},"line":100},"4":{"name":"getMajorImpactDocuments","decl":{"start":{"line":107,"column":16},"end":{"line":107,"column":40}},"loc":{"start":{"line":107,"column":90},"end":{"line":109,"column":null}},"line":107},"5":{"name":"getModerateImpactDocuments","decl":{"start":{"line":114,"column":16},"end":{"line":114,"column":43}},"loc":{"start":{"line":114,"column":93},"end":{"line":118,"column":null}},"line":114},"6":{"name":"(anonymous_6)","decl":{"start":{"line":115,"column":42},"end":{"line":115,"column":43}},"loc":{"start":{"line":116,"column":4},"end":{"line":116,"column":null}},"line":116},"7":{"name":"(anonymous_7)","decl":{"start":{"line":116,"column":26},"end":{"line":116,"column":27}},"loc":{"start":{"line":116,"column":35},"end":{"line":116,"column":75}},"line":116},"8":{"name":"getMinorImpactDocuments","decl":{"start":{"line":123,"column":16},"end":{"line":123,"column":40}},"loc":{"start":{"line":123,"column":90},"end":{"line":127,"column":null}},"line":123},"9":{"name":"(anonymous_9)","decl":{"start":{"line":124,"column":42},"end":{"line":124,"column":43}},"loc":{"start":{"line":125,"column":4},"end":{"line":125,"column":null}},"line":125},"10":{"name":"(anonymous_10)","decl":{"start":{"line":125,"column":26},"end":{"line":125,"column":27}},"loc":{"start":{"line":125,"column":35},"end":{"line":125,"column":72}},"line":125},"11":{"name":"hasAnyIssues","decl":{"start":{"line":132,"column":16},"end":{"line":132,"column":29}},"loc":{"start":{"line":132,"column":68},"end":{"line":134,"column":null}},"line":132},"12":{"name":"getAffectedNodeCount","decl":{"start":{"line":139,"column":16},"end":{"line":139,"column":37}},"loc":{"start":{"line":139,"column":75},"end":{"line":141,"column":null}},"line":139},"13":{"name":"getAffectedDocumentCount","decl":{"start":{"line":146,"column":16},"end":{"line":146,"column":41}},"loc":{"start":{"line":146,"column":79},"end":{"line":148,"column":null}},"line":146},"14":{"name":"(anonymous_14)","decl":{"start":{"line":147,"column":41},"end":{"line":147,"column":42}},"loc":{"start":{"line":147,"column":58},"end":{"line":147,"column":89}},"line":147},"15":{"name":"getDocumentsWithIssues","decl":{"start":{"line":153,"column":16},"end":{"line":153,"column":39}},"loc":{"start":{"line":153,"column":89},"end":{"line":157,"column":null}},"line":153},"16":{"name":"(anonymous_16)","decl":{"start":{"line":154,"column":42},"end":{"line":154,"column":43}},"loc":{"start":{"line":155,"column":4},"end":{"line":155,"column":null}},"line":155},"17":{"name":"(anonymous_17)","decl":{"start":{"line":155,"column":26},"end":{"line":155,"column":27}},"loc":{"start":{"line":155,"column":35},"end":{"line":155,"column":62}},"line":155},"18":{"name":"getDocumentsByImpactLevel","decl":{"start":{"line":162,"column":16},"end":{"line":162,"column":42}},"loc":{"start":{"line":162,"column":113},"end":{"line":168,"column":null}},"line":162}},"branchMap":{},"s":{"0":1,"1":1,"2":1,"3":3,"4":3,"5":3,"6":6,"7":9,"8":2,"9":2,"10":4,"11":6,"12":2,"13":4,"14":6,"15":2,"16":2,"17":2,"18":2,"19":1,"20":2,"21":3,"22":1},"f":{"0":3,"1":3,"2":6,"3":9,"4":2,"5":2,"6":4,"7":6,"8":2,"9":4,"10":6,"11":2,"12":2,"13":2,"14":2,"15":1,"16":2,"17":3,"18":1},"b":{},"meta":{"lastBranch":0,"lastFunction":19,"lastStatement":23,"seen":{"s:51:38:57:Infinity":0,"s:62:34:67:Infinity":1,"s:72:38:77:Infinity":2,"f:86:16:86:35":0,"s:87:17:87:Infinity":3,"s:88:2:88:Infinity":4,"f:98:16:98:39":1,"s:99:2:101:Infinity":5,"f:99:42:99:43":2,"s:100:4:100:Infinity":6,"f:100:26:100:27":3,"s:100:35:100:72":7,"f:107:16:107:40":4,"s:108:2:108:Infinity":8,"f:114:16:114:43":5,"s:115:2:117:Infinity":9,"f:115:42:115:43":6,"s:116:4:116:Infinity":10,"f:116:26:116:27":7,"s:116:35:116:75":11,"f:123:16:123:40":8,"s:124:2:126:Infinity":12,"f:124:42:124:43":9,"s:125:4:125:Infinity":13,"f:125:26:125:27":10,"s:125:35:125:72":14,"f:132:16:132:29":11,"s:133:2:133:Infinity":15,"f:139:16:139:37":12,"s:140:2:140:Infinity":16,"f:146:16:146:41":13,"s:147:2:147:Infinity":17,"f:147:41:147:42":14,"s:147:58:147:89":18,"f:153:16:153:39":15,"s:154:2:156:Infinity":19,"f:154:42:154:43":16,"s:155:4:155:Infinity":20,"f:155:26:155:27":17,"s:155:35:155:62":21,"f:162:16:162:42":18,"s:163:2:167:Infinity":22}}}
,"E:\\Projects\\GitHubProjects\\EIA\\EIA\\src\\shared\\types\\value-objects\\input-document-ref.ts": {"path":"E:\\Projects\\GitHubProjects\\EIA\\EIA\\src\\shared\\types\\value-objects\\input-document-ref.ts","statementMap":{"0":{"start":{"line":30,"column":22},"end":{"line":30,"column":null}},"1":{"start":{"line":35,"column":38},"end":{"line":41,"column":null}},"2":{"start":{"line":51,"column":17},"end":{"line":51,"column":null}},"3":{"start":{"line":52,"column":2},"end":{"line":52,"column":null}},"4":{"start":{"line":69,"column":17},"end":{"line":75,"column":null}},"5":{"start":{"line":77,"column":2},"end":{"line":79,"column":null}},"6":{"start":{"line":78,"column":4},"end":{"line":78,"column":null}},"7":{"start":{"line":81,"column":2},"end":{"line":81,"column":null}}},"fnMap":{"0":{"name":"isInputDocumentRef","decl":{"start":{"line":50,"column":16},"end":{"line":50,"column":35}},"loc":{"start":{"line":50,"column":78},"end":{"line":53,"column":null}},"line":50},"1":{"name":"createInputDocumentRef","decl":{"start":{"line":62,"column":16},"end":{"line":62,"column":null}},"loc":{"start":{"line":68,"column":20},"end":{"line":82,"column":null}},"line":68}},"branchMap":{"0":{"loc":{"start":{"line":77,"column":2},"end":{"line":79,"column":null}},"type":"if","locations":[{"start":{"line":77,"column":2},"end":{"line":79,"column":null}},{"start":{},"end":{}}],"line":77}},"s":{"0":1,"1":1,"2":3,"3":3,"4":5,"5":5,"6":2,"7":3},"f":{"0":3,"1":5},"b":{"0":[2,3]},"meta":{"lastBranch":1,"lastFunction":2,"lastStatement":8,"seen":{"s:30:22:30:Infinity":0,"s:35:38:41:Infinity":1,"f:50:16:50:35":0,"s:51:17:51:Infinity":2,"s:52:2:52:Infinity":3,"f:62:16:62:Infinity":1,"s:69:17:75:Infinity":4,"b:77:2:79:Infinity:undefined:undefined:undefined:undefined":0,"s:77:2:79:Infinity":5,"s:78:4:78:Infinity":6,"s:81:2:81:Infinity":7}}}
,"E:\\Projects\\GitHubProjects\\EIA\\EIA\\src\\shared\\types\\value-objects\\prerequisite.ts": {"path":"E:\\Projects\\GitHubProjects\\EIA\\EIA\\src\\shared\\types\\value-objects\\prerequisite.ts","statementMap":{"0":{"start":{"line":34,"column":34},"end":{"line":39,"column":null}},"1":{"start":{"line":49,"column":17},"end":{"line":49,"column":null}},"2":{"start":{"line":50,"column":2},"end":{"line":50,"column":null}},"3":{"start":{"line":61,"column":2},"end":{"line":63,"column":null}},"4":{"start":{"line":62,"column":19},"end":{"line":62,"column":40}},"5":{"start":{"line":63,"column":18},"end":{"line":63,"column":29}},"6":{"start":{"line":70,"column":2},"end":{"line":70,"column":null}},"7":{"start":{"line":70,"column":37},"end":{"line":70,"column":74}},"8":{"start":{"line":77,"column":2},"end":{"line":77,"column":null}},"9":{"start":{"line":77,"column":37},"end":{"line":77,"column":58}},"10":{"start":{"line":84,"column":2},"end":{"line":84,"column":null}},"11":{"start":{"line":84,"column":37},"end":{"line":84,"column":48}},"12":{"start":{"line":97,"column":19},"end":{"line":97,"column":null}},"13":{"start":{"line":97,"column":47},"end":{"line":97,"column":68}},"14":{"start":{"line":98,"column":19},"end":{"line":98,"column":null}},"15":{"start":{"line":98,"column":47},"end":{"line":98,"column":68}},"16":{"start":{"line":99,"column":20},"end":{"line":99,"column":null}},"17":{"start":{"line":99,"column":48},"end":{"line":99,"column":59}},"18":{"start":{"line":101,"column":2},"end":{"line":107,"column":null}}},"fnMap":{"0":{"name":"isPrerequisite","decl":{"start":{"line":48,"column":16},"end":{"line":48,"column":31}},"loc":{"start":{"line":48,"column":70},"end":{"line":51,"column":null}},"line":48},"1":{"name":"areAllRequiredPrerequisitesSatisfied","decl":{"start":{"line":60,"column":16},"end":{"line":60,"column":53}},"loc":{"start":{"line":60,"column":93},"end":{"line":64,"column":null}},"line":60},"2":{"name":"(anonymous_2)","decl":{"start":{"line":62,"column":12},"end":{"line":62,"column":13}},"loc":{"start":{"line":62,"column":19},"end":{"line":62,"column":40}},"line":62},"3":{"name":"(anonymous_3)","decl":{"start":{"line":63,"column":11},"end":{"line":63,"column":12}},"loc":{"start":{"line":63,"column":18},"end":{"line":63,"column":29}},"line":63},"4":{"name":"getUnsatisfiedRequiredPrerequisites","decl":{"start":{"line":69,"column":16},"end":{"line":69,"column":52}},"loc":{"start":{"line":69,"column":99},"end":{"line":71,"column":null}},"line":69},"5":{"name":"(anonymous_5)","decl":{"start":{"line":70,"column":30},"end":{"line":70,"column":31}},"loc":{"start":{"line":70,"column":37},"end":{"line":70,"column":74}},"line":70},"6":{"name":"getOptionalPrerequisites","decl":{"start":{"line":76,"column":16},"end":{"line":76,"column":41}},"loc":{"start":{"line":76,"column":88},"end":{"line":78,"column":null}},"line":76},"7":{"name":"(anonymous_7)","decl":{"start":{"line":77,"column":30},"end":{"line":77,"column":31}},"loc":{"start":{"line":77,"column":37},"end":{"line":77,"column":58}},"line":77},"8":{"name":"getSatisfiedPrerequisites","decl":{"start":{"line":83,"column":16},"end":{"line":83,"column":42}},"loc":{"start":{"line":83,"column":89},"end":{"line":85,"column":null}},"line":83},"9":{"name":"(anonymous_9)","decl":{"start":{"line":84,"column":30},"end":{"line":84,"column":31}},"loc":{"start":{"line":84,"column":37},"end":{"line":84,"column":48}},"line":84},"10":{"name":"getPrerequisiteCount","decl":{"start":{"line":90,"column":16},"end":{"line":90,"column":37}},"loc":{"start":{"line":96,"column":2},"end":{"line":108,"column":null}},"line":96},"11":{"name":"(anonymous_11)","decl":{"start":{"line":97,"column":40},"end":{"line":97,"column":41}},"loc":{"start":{"line":97,"column":47},"end":{"line":97,"column":68}},"line":97},"12":{"name":"(anonymous_12)","decl":{"start":{"line":98,"column":40},"end":{"line":98,"column":41}},"loc":{"start":{"line":98,"column":47},"end":{"line":98,"column":68}},"line":98},"13":{"name":"(anonymous_13)","decl":{"start":{"line":99,"column":41},"end":{"line":99,"column":42}},"loc":{"start":{"line":99,"column":48},"end":{"line":99,"column":59}},"line":99}},"branchMap":{"0":{"loc":{"start":{"line":70,"column":37},"end":{"line":70,"column":74}},"type":"binary-expr","locations":[{"start":{"line":70,"column":37},"end":{"line":70,"column":62}},{"start":{"line":70,"column":62},"end":{"line":70,"column":74}}],"line":70}},"s":{"0":1,"1":4,"2":4,"3":4,"4":10,"5":4,"6":3,"7":8,"8":2,"9":6,"10":2,"11":8,"12":2,"13":4,"14":2,"15":4,"16":2,"17":4,"18":2},"f":{"0":4,"1":4,"2":10,"3":4,"4":3,"5":8,"6":2,"7":6,"8":2,"9":8,"10":2,"11":4,"12":4,"13":4},"b":{"0":[8,4]},"meta":{"lastBranch":1,"lastFunction":14,"lastStatement":19,"seen":{"s:34:34:39:Infinity":0,"f:48:16:48:31":0,"s:49:17:49:Infinity":1,"s:50:2:50:Infinity":2,"f:60:16:60:53":1,"s:61:2:63:Infinity":3,"f:62:12:62:13":2,"s:62:19:62:40":4,"f:63:11:63:12":3,"s:63:18:63:29":5,"f:69:16:69:52":4,"s:70:2:70:Infinity":6,"f:70:30:70:31":5,"s:70:37:70:74":7,"b:70:37:70:62:70:62:70:74":0,"f:76:16:76:41":6,"s:77:2:77:Infinity":8,"f:77:30:77:31":7,"s:77:37:77:58":9,"f:83:16:83:42":8,"s:84:2:84:Infinity":10,"f:84:30:84:31":9,"s:84:37:84:48":11,"f:90:16:90:37":10,"s:97:19:97:Infinity":12,"f:97:40:97:41":11,"s:97:47:97:68":13,"s:98:19:98:Infinity":14,"f:98:40:98:41":12,"s:98:47:98:68":15,"s:99:20:99:Infinity":16,"f:99:41:99:42":13,"s:99:48:99:59":17,"s:101:2:107:Infinity":18}}}
,"E:\\Projects\\GitHubProjects\\EIA\\EIA\\src\\shared\\types\\value-objects\\trigger-source.ts": {"path":"E:\\Projects\\GitHubProjects\\EIA\\EIA\\src\\shared\\types\\value-objects\\trigger-source.ts","statementMap":{"0":{"start":{"line":29,"column":22},"end":{"line":29,"column":null}},"1":{"start":{"line":34,"column":35},"end":{"line":39,"column":null}},"2":{"start":{"line":49,"column":17},"end":{"line":49,"column":null}},"3":{"start":{"line":50,"column":2},"end":{"line":50,"column":null}},"4":{"start":{"line":66,"column":17},"end":{"line":71,"column":null}},"5":{"start":{"line":73,"column":2},"end":{"line":75,"column":null}},"6":{"start":{"line":74,"column":4},"end":{"line":74,"column":null}},"7":{"start":{"line":77,"column":2},"end":{"line":77,"column":null}},"8":{"start":{"line":88,"column":2},"end":{"line":88,"column":null}},"9":{"start":{"line":95,"column":16},"end":{"line":95,"column":null}},"10":{"start":{"line":96,"column":2},"end":{"line":96,"column":null}},"11":{"start":{"line":103,"column":2},"end":{"line":105,"column":null}},"12":{"start":{"line":104,"column":4},"end":{"line":104,"column":null}},"13":{"start":{"line":106,"column":2},"end":{"line":106,"column":null}}},"fnMap":{"0":{"name":"isTriggerSource","decl":{"start":{"line":48,"column":16},"end":{"line":48,"column":32}},"loc":{"start":{"line":48,"column":72},"end":{"line":51,"column":null}},"line":48},"1":{"name":"createTriggerSource","decl":{"start":{"line":60,"column":16},"end":{"line":60,"column":null}},"loc":{"start":{"line":65,"column":17},"end":{"line":78,"column":null}},"line":65},"2":{"name":"isRollbackVersion","decl":{"start":{"line":87,"column":16},"end":{"line":87,"column":34}},"loc":{"start":{"line":87,"column":60},"end":{"line":89,"column":null}},"line":87},"3":{"name":"getVersionNumber","decl":{"start":{"line":94,"column":16},"end":{"line":94,"column":33}},"loc":{"start":{"line":94,"column":58},"end":{"line":97,"column":null}},"line":94},"4":{"name":"createRollbackVersion","decl":{"start":{"line":102,"column":16},"end":{"line":102,"column":38}},"loc":{"start":{"line":102,"column":63},"end":{"line":107,"column":null}},"line":102}},"branchMap":{"0":{"loc":{"start":{"line":73,"column":2},"end":{"line":75,"column":null}},"type":"if","locations":[{"start":{"line":73,"column":2},"end":{"line":75,"column":null}},{"start":{},"end":{}}],"line":73},"1":{"loc":{"start":{"line":96,"column":9},"end":{"line":96,"column":null}},"type":"cond-expr","locations":[{"start":{"line":96,"column":17},"end":{"line":96,"column":42}},{"start":{"line":96,"column":42},"end":{"line":96,"column":null}}],"line":96},"2":{"loc":{"start":{"line":103,"column":2},"end":{"line":105,"column":null}},"type":"if","locations":[{"start":{"line":103,"column":2},"end":{"line":105,"column":null}},{"start":{},"end":{}}],"line":103}},"s":{"0":1,"1":1,"2":4,"3":4,"4":4,"5":4,"6":2,"7":2,"8":8,"9":7,"10":7,"11":4,"12":2,"13":2},"f":{"0":4,"1":4,"2":8,"3":7,"4":4},"b":{"0":[2,2],"1":[5,2],"2":[2,2]},"meta":{"lastBranch":3,"lastFunction":5,"lastStatement":14,"seen":{"s:29:22:29:Infinity":0,"s:34:35:39:Infinity":1,"f:48:16:48:32":0,"s:49:17:49:Infinity":2,"s:50:2:50:Infinity":3,"f:60:16:60:Infinity":1,"s:66:17:71:Infinity":4,"b:73:2:75:Infinity:undefined:undefined:undefined:undefined":0,"s:73:2:75:Infinity":5,"s:74:4:74:Infinity":6,"s:77:2:77:Infinity":7,"f:87:16:87:34":2,"s:88:2:88:Infinity":8,"f:94:16:94:33":3,"s:95:16:95:Infinity":9,"s:96:2:96:Infinity":10,"b:96:17:96:42:96:42:96:Infinity":1,"f:102:16:102:38":4,"b:103:2:105:Infinity:undefined:undefined:undefined:undefined":2,"s:103:2:105:Infinity":11,"s:104:4:104:Infinity":12,"s:106:2:106:Infinity":13}}}
,"E:\\Projects\\GitHubProjects\\EIA\\EIA\\src\\shared\\types\\value-objects\\validation-issue.ts": {"path":"E:\\Projects\\GitHubProjects\\EIA\\EIA\\src\\shared\\types\\value-objects\\validation-issue.ts","statementMap":{"0":{"start":{"line":35,"column":37},"end":{"line":44,"column":null}},"1":{"start":{"line":54,"column":17},"end":{"line":54,"column":null}},"2":{"start":{"line":55,"column":2},"end":{"line":55,"column":null}},"3":{"start":{"line":66,"column":2},"end":{"line":66,"column":null}},"4":{"start":{"line":73,"column":2},"end":{"line":73,"column":null}},"5":{"start":{"line":80,"column":2},"end":{"line":80,"column":null}},"6":{"start":{"line":87,"column":2},"end":{"line":87,"column":null}}},"fnMap":{"0":{"name":"isValidationIssue","decl":{"start":{"line":53,"column":16},"end":{"line":53,"column":34}},"loc":{"start":{"line":53,"column":76},"end":{"line":56,"column":null}},"line":53},"1":{"name":"isResolved","decl":{"start":{"line":65,"column":16},"end":{"line":65,"column":27}},"loc":{"start":{"line":65,"column":60},"end":{"line":67,"column":null}},"line":65},"2":{"name":"isErrorIssue","decl":{"start":{"line":72,"column":16},"end":{"line":72,"column":29}},"loc":{"start":{"line":72,"column":62},"end":{"line":74,"column":null}},"line":72},"3":{"name":"isWarningIssue","decl":{"start":{"line":79,"column":16},"end":{"line":79,"column":31}},"loc":{"start":{"line":79,"column":64},"end":{"line":81,"column":null}},"line":79},"4":{"name":"isInfoIssue","decl":{"start":{"line":86,"column":16},"end":{"line":86,"column":28}},"loc":{"start":{"line":86,"column":61},"end":{"line":88,"column":null}},"line":86}},"branchMap":{"0":{"loc":{"start":{"line":66,"column":9},"end":{"line":66,"column":null}},"type":"binary-expr","locations":[{"start":{"line":66,"column":9},"end":{"line":66,"column":43}},{"start":{"line":66,"column":43},"end":{"line":66,"column":null}}],"line":66}},"s":{"0":1,"1":3,"2":3,"3":3,"4":2,"5":2,"6":2},"f":{"0":3,"1":3,"2":2,"3":2,"4":2},"b":{"0":[3,2]},"meta":{"lastBranch":1,"lastFunction":5,"lastStatement":7,"seen":{"s:35:37:44:Infinity":0,"f:53:16:53:34":0,"s:54:17:54:Infinity":1,"s:55:2:55:Infinity":2,"f:65:16:65:27":1,"s:66:2:66:Infinity":3,"b:66:9:66:43:66:43:66:Infinity":0,"f:72:16:72:29":2,"s:73:2:73:Infinity":4,"f:79:16:79:31":3,"s:80:2:80:Infinity":5,"f:86:16:86:28":4,"s:87:2:87:Infinity":6}}}
}
