{"E:\\Projects\\GitHubProjects\\EIA\\EIA\\src\\shared\\types\\common.ts": {"path":"E:\\Projects\\GitHubProjects\\EIA\\EIA\\src\\shared\\types\\common.ts","statementMap":{"0":{"start":{"line":30,"column":19},"end":{"line":30,"column":null}},"1":{"start":{"line":36,"column":2},"end":{"line":36,"column":null}},"2":{"start":{"line":48,"column":2},"end":{"line":50,"column":null}},"3":{"start":{"line":49,"column":4},"end":{"line":49,"column":null}},"4":{"start":{"line":51,"column":2},"end":{"line":51,"column":null}},"5":{"start":{"line":59,"column":2},"end":{"line":61,"column":null}},"6":{"start":{"line":60,"column":4},"end":{"line":60,"column":null}},"7":{"start":{"line":62,"column":2},"end":{"line":62,"column":null}},"8":{"start":{"line":70,"column":2},"end":{"line":72,"column":null}},"9":{"start":{"line":71,"column":4},"end":{"line":71,"column":null}},"10":{"start":{"line":73,"column":2},"end":{"line":73,"column":null}},"11":{"start":{"line":81,"column":2},"end":{"line":83,"column":null}},"12":{"start":{"line":82,"column":4},"end":{"line":82,"column":null}},"13":{"start":{"line":84,"column":2},"end":{"line":84,"column":null}},"14":{"start":{"line":92,"column":2},"end":{"line":94,"column":null}},"15":{"start":{"line":93,"column":4},"end":{"line":93,"column":null}},"16":{"start":{"line":95,"column":2},"end":{"line":95,"column":null}},"17":{"start":{"line":103,"column":2},"end":{"line":105,"column":null}},"18":{"start":{"line":104,"column":4},"end":{"line":104,"column":null}},"19":{"start":{"line":106,"column":2},"end":{"line":106,"column":null}},"20":{"start":{"line":214,"column":2},"end":{"line":214,"column":null}},"21":{"start":{"line":221,"column":2},"end":{"line":221,"column":null}},"22":{"start":{"line":228,"column":2},"end":{"line":228,"column":null}},"23":{"start":{"line":237,"column":2},"end":{"line":237,"column":null}},"24":{"start":{"line":248,"column":2},"end":{"line":253,"column":null}},"25":{"start":{"line":265,"column":2},"end":{"line":274,"column":null}}},"fnMap":{"0":{"name":"isUUID","decl":{"start":{"line":35,"column":16},"end":{"line":35,"column":23}},"loc":{"start":{"line":35,"column":45},"end":{"line":37,"column":null}},"line":35},"1":{"name":"createProjectId","decl":{"start":{"line":47,"column":16},"end":{"line":47,"column":32}},"loc":{"start":{"line":47,"column":57},"end":{"line":52,"column":null}},"line":47},"2":{"name":"createNodeInstanceId","decl":{"start":{"line":58,"column":16},"end":{"line":58,"column":37}},"loc":{"start":{"line":58,"column":67},"end":{"line":63,"column":null}},"line":58},"3":{"name":"createDocumentId","decl":{"start":{"line":69,"column":16},"end":{"line":69,"column":33}},"loc":{"start":{"line":69,"column":59},"end":{"line":74,"column":null}},"line":69},"4":{"name":"createTemplateId","decl":{"start":{"line":80,"column":16},"end":{"line":80,"column":33}},"loc":{"start":{"line":80,"column":59},"end":{"line":85,"column":null}},"line":80},"5":{"name":"createWorkflowId","decl":{"start":{"line":91,"column":16},"end":{"line":91,"column":33}},"loc":{"start":{"line":91,"column":57},"end":{"line":96,"column":null}},"line":91},"6":{"name":"createUserId","decl":{"start":{"line":102,"column":16},"end":{"line":102,"column":29}},"loc":{"start":{"line":102,"column":51},"end":{"line":107,"column":null}},"line":102},"7":{"name":"isSuccessResponse","decl":{"start":{"line":213,"column":16},"end":{"line":213,"column":37}},"loc":{"start":{"line":213,"column":95},"end":{"line":215,"column":null}},"line":213},"8":{"name":"isErrorResponse","decl":{"start":{"line":220,"column":16},"end":{"line":220,"column":35}},"loc":{"start":{"line":220,"column":88},"end":{"line":222,"column":null}},"line":220},"9":{"name":"isValidationSuccess","decl":{"start":{"line":227,"column":16},"end":{"line":227,"column":39}},"loc":{"start":{"line":227,"column":104},"end":{"line":229,"column":null}},"line":227},"10":{"name":"isValidationFailure","decl":{"start":{"line":234,"column":16},"end":{"line":234,"column":null}},"loc":{"start":{"line":236,"column":69},"end":{"line":238,"column":null}},"line":236},"11":{"name":"createSuccessResponse","decl":{"start":{"line":247,"column":16},"end":{"line":247,"column":41}},"loc":{"start":{"line":247,"column":88},"end":{"line":254,"column":null}},"line":247},"12":{"name":"createErrorResponse","decl":{"start":{"line":259,"column":16},"end":{"line":259,"column":null}},"loc":{"start":{"line":264,"column":17},"end":{"line":275,"column":null}},"line":264}},"branchMap":{"0":{"loc":{"start":{"line":48,"column":2},"end":{"line":50,"column":null}},"type":"if","locations":[{"start":{"line":48,"column":2},"end":{"line":50,"column":null}},{"start":{},"end":{}}],"line":48},"1":{"loc":{"start":{"line":59,"column":2},"end":{"line":61,"column":null}},"type":"if","locations":[{"start":{"line":59,"column":2},"end":{"line":61,"column":null}},{"start":{},"end":{}}],"line":59},"2":{"loc":{"start":{"line":70,"column":2},"end":{"line":72,"column":null}},"type":"if","locations":[{"start":{"line":70,"column":2},"end":{"line":72,"column":null}},{"start":{},"end":{}}],"line":70},"3":{"loc":{"start":{"line":81,"column":2},"end":{"line":83,"column":null}},"type":"if","locations":[{"start":{"line":81,"column":2},"end":{"line":83,"column":null}},{"start":{},"end":{}}],"line":81},"4":{"loc":{"start":{"line":92,"column":2},"end":{"line":94,"column":null}},"type":"if","locations":[{"start":{"line":92,"column":2},"end":{"line":94,"column":null}},{"start":{},"end":{}}],"line":92},"5":{"loc":{"start":{"line":92,"column":6},"end":{"line":92,"column":37}},"type":"binary-expr","locations":[{"start":{"line":92,"column":6},"end":{"line":92,"column":13}},{"start":{"line":92,"column":13},"end":{"line":92,"column":37}}],"line":92},"6":{"loc":{"start":{"line":103,"column":2},"end":{"line":105,"column":null}},"type":"if","locations":[{"start":{"line":103,"column":2},"end":{"line":105,"column":null}},{"start":{},"end":{}}],"line":103}},"s":{"0":2,"1":28,"2":4,"3":2,"4":2,"5":3,"6":1,"7":2,"8":3,"9":1,"10":2,"11":3,"12":1,"13":2,"14":5,"15":3,"16":2,"17":4,"18":2,"19":2,"20":3,"21":3,"22":3,"23":3,"24":6,"25":7},"f":{"0":28,"1":4,"2":3,"3":3,"4":3,"5":5,"6":4,"7":3,"8":3,"9":3,"10":3,"11":6,"12":7},"b":{"0":[2,2],"1":[1,2],"2":[1,2],"3":[1,2],"4":[3,2],"5":[5,3],"6":[2,2]},"meta":{"lastBranch":7,"lastFunction":13,"lastStatement":26,"seen":{"s:30:19:30:Infinity":0,"f:35:16:35:23":0,"s:36:2:36:Infinity":1,"f:47:16:47:32":1,"b:48:2:50:Infinity:undefined:undefined:undefined:undefined":0,"s:48:2:50:Infinity":2,"s:49:4:49:Infinity":3,"s:51:2:51:Infinity":4,"f:58:16:58:37":2,"b:59:2:61:Infinity:undefined:undefined:undefined:undefined":1,"s:59:2:61:Infinity":5,"s:60:4:60:Infinity":6,"s:62:2:62:Infinity":7,"f:69:16:69:33":3,"b:70:2:72:Infinity:undefined:undefined:undefined:undefined":2,"s:70:2:72:Infinity":8,"s:71:4:71:Infinity":9,"s:73:2:73:Infinity":10,"f:80:16:80:33":4,"b:81:2:83:Infinity:undefined:undefined:undefined:undefined":3,"s:81:2:83:Infinity":11,"s:82:4:82:Infinity":12,"s:84:2:84:Infinity":13,"f:91:16:91:33":5,"b:92:2:94:Infinity:undefined:undefined:undefined:undefined":4,"s:92:2:94:Infinity":14,"b:92:6:92:13:92:13:92:37":5,"s:93:4:93:Infinity":15,"s:95:2:95:Infinity":16,"f:102:16:102:29":6,"b:103:2:105:Infinity:undefined:undefined:undefined:undefined":6,"s:103:2:105:Infinity":17,"s:104:4:104:Infinity":18,"s:106:2:106:Infinity":19,"f:213:16:213:37":7,"s:214:2:214:Infinity":20,"f:220:16:220:35":8,"s:221:2:221:Infinity":21,"f:227:16:227:39":9,"s:228:2:228:Infinity":22,"f:234:16:234:Infinity":10,"s:237:2:237:Infinity":23,"f:247:16:247:41":11,"s:248:2:253:Infinity":24,"f:259:16:259:Infinity":12,"s:265:2:274:Infinity":25}}}
,"E:\\Projects\\GitHubProjects\\EIA\\EIA\\src\\shared\\types\\enums.ts": {"path":"E:\\Projects\\GitHubProjects\\EIA\\EIA\\src\\shared\\types\\enums.ts","statementMap":{"0":{"start":{"line":58,"column":7},"end":{"line":58,"column":null}},"1":{"start":{"line":59,"column":2},"end":{"line":59,"column":null}},"2":{"start":{"line":60,"column":2},"end":{"line":60,"column":null}},"3":{"start":{"line":61,"column":2},"end":{"line":61,"column":null}},"4":{"start":{"line":58,"column":12},"end":{"line":58,"column":null}},"5":{"start":{"line":67,"column":7},"end":{"line":67,"column":null}},"6":{"start":{"line":68,"column":2},"end":{"line":68,"column":null}},"7":{"start":{"line":69,"column":2},"end":{"line":69,"column":null}},"8":{"start":{"line":70,"column":2},"end":{"line":70,"column":null}},"9":{"start":{"line":71,"column":2},"end":{"line":71,"column":null}},"10":{"start":{"line":67,"column":12},"end":{"line":67,"column":null}},"11":{"start":{"line":77,"column":7},"end":{"line":77,"column":null}},"12":{"start":{"line":78,"column":2},"end":{"line":78,"column":null}},"13":{"start":{"line":79,"column":2},"end":{"line":79,"column":null}},"14":{"start":{"line":80,"column":2},"end":{"line":80,"column":null}},"15":{"start":{"line":81,"column":2},"end":{"line":81,"column":null}},"16":{"start":{"line":77,"column":12},"end":{"line":77,"column":null}},"17":{"start":{"line":92,"column":2},"end":{"line":92,"column":null}},"18":{"start":{"line":99,"column":2},"end":{"line":99,"column":null}},"19":{"start":{"line":106,"column":2},"end":{"line":106,"column":null}},"20":{"start":{"line":113,"column":2},"end":{"line":113,"column":null}},"21":{"start":{"line":120,"column":2},"end":{"line":120,"column":null}},"22":{"start":{"line":127,"column":2},"end":{"line":127,"column":null}},"23":{"start":{"line":134,"column":2},"end":{"line":134,"column":null}},"24":{"start":{"line":141,"column":2},"end":{"line":141,"column":null}},"25":{"start":{"line":148,"column":2},"end":{"line":148,"column":null}},"26":{"start":{"line":155,"column":2},"end":{"line":155,"column":null}},"27":{"start":{"line":162,"column":2},"end":{"line":162,"column":null}},"28":{"start":{"line":172,"column":49},"end":{"line":177,"column":null}},"29":{"start":{"line":184,"column":17},"end":{"line":184,"column":null}},"30":{"start":{"line":185,"column":17},"end":{"line":185,"column":null}},"31":{"start":{"line":186,"column":2},"end":{"line":186,"column":null}},"32":{"start":{"line":186,"column":23},"end":{"line":186,"column":null}},"33":{"start":{"line":187,"column":2},"end":{"line":187,"column":null}},"34":{"start":{"line":187,"column":23},"end":{"line":187,"column":null}},"35":{"start":{"line":188,"column":2},"end":{"line":188,"column":null}},"36":{"start":{"line":194,"column":59},"end":{"line":199,"column":null}},"37":{"start":{"line":206,"column":17},"end":{"line":206,"column":null}},"38":{"start":{"line":207,"column":17},"end":{"line":207,"column":null}},"39":{"start":{"line":208,"column":2},"end":{"line":208,"column":null}},"40":{"start":{"line":208,"column":23},"end":{"line":208,"column":null}},"41":{"start":{"line":209,"column":2},"end":{"line":209,"column":null}},"42":{"start":{"line":209,"column":23},"end":{"line":209,"column":null}},"43":{"start":{"line":210,"column":2},"end":{"line":210,"column":null}}},"fnMap":{"0":{"name":"(anonymous_0)","decl":{"start":{"line":58,"column":7},"end":{"line":58,"column":12}},"loc":{"start":{"line":58,"column":7},"end":{"line":58,"column":null}},"line":58},"1":{"name":"(anonymous_1)","decl":{"start":{"line":67,"column":7},"end":{"line":67,"column":12}},"loc":{"start":{"line":67,"column":7},"end":{"line":67,"column":null}},"line":67},"2":{"name":"(anonymous_2)","decl":{"start":{"line":77,"column":7},"end":{"line":77,"column":12}},"loc":{"start":{"line":77,"column":7},"end":{"line":77,"column":null}},"line":77},"3":{"name":"isPhase","decl":{"start":{"line":91,"column":16},"end":{"line":91,"column":24}},"loc":{"start":{"line":91,"column":56},"end":{"line":93,"column":null}},"line":91},"4":{"name":"isNodeStatus","decl":{"start":{"line":98,"column":16},"end":{"line":98,"column":29}},"loc":{"start":{"line":98,"column":66},"end":{"line":100,"column":null}},"line":98},"5":{"name":"isDocumentStatus","decl":{"start":{"line":105,"column":16},"end":{"line":105,"column":33}},"loc":{"start":{"line":105,"column":74},"end":{"line":107,"column":null}},"line":105},"6":{"name":"isAIDraftStatus","decl":{"start":{"line":112,"column":16},"end":{"line":112,"column":32}},"loc":{"start":{"line":112,"column":72},"end":{"line":114,"column":null}},"line":112},"7":{"name":"isUserRole","decl":{"start":{"line":119,"column":16},"end":{"line":119,"column":27}},"loc":{"start":{"line":119,"column":62},"end":{"line":121,"column":null}},"line":119},"8":{"name":"isEdgeType","decl":{"start":{"line":126,"column":16},"end":{"line":126,"column":27}},"loc":{"start":{"line":126,"column":62},"end":{"line":128,"column":null}},"line":126},"9":{"name":"isAlertStatus","decl":{"start":{"line":133,"column":16},"end":{"line":133,"column":30}},"loc":{"start":{"line":133,"column":68},"end":{"line":135,"column":null}},"line":133},"10":{"name":"isImpactLevel","decl":{"start":{"line":140,"column":16},"end":{"line":140,"column":30}},"loc":{"start":{"line":140,"column":68},"end":{"line":142,"column":null}},"line":140},"11":{"name":"isIssueSeverity","decl":{"start":{"line":147,"column":16},"end":{"line":147,"column":32}},"loc":{"start":{"line":147,"column":72},"end":{"line":149,"column":null}},"line":147},"12":{"name":"isIssueType","decl":{"start":{"line":154,"column":16},"end":{"line":154,"column":28}},"loc":{"start":{"line":154,"column":64},"end":{"line":156,"column":null}},"line":154},"13":{"name":"isSourceRelationship","decl":{"start":{"line":161,"column":16},"end":{"line":161,"column":37}},"loc":{"start":{"line":161,"column":82},"end":{"line":163,"column":null}},"line":161},"14":{"name":"comparePhases","decl":{"start":{"line":183,"column":16},"end":{"line":183,"column":30}},"loc":{"start":{"line":183,"column":62},"end":{"line":189,"column":null}},"line":183},"15":{"name":"compareNodeStatus","decl":{"start":{"line":205,"column":16},"end":{"line":205,"column":34}},"loc":{"start":{"line":205,"column":76},"end":{"line":211,"column":null}},"line":205}},"branchMap":{"0":{"loc":{"start":{"line":58,"column":12},"end":{"line":58,"column":null}},"type":"binary-expr","locations":[{"start":{"line":58,"column":12},"end":{"line":58,"column":null}},{"start":{"line":58,"column":12},"end":{"line":58,"column":null}}],"line":58},"1":{"loc":{"start":{"line":67,"column":12},"end":{"line":67,"column":null}},"type":"binary-expr","locations":[{"start":{"line":67,"column":12},"end":{"line":67,"column":null}},{"start":{"line":67,"column":12},"end":{"line":67,"column":null}}],"line":67},"2":{"loc":{"start":{"line":77,"column":12},"end":{"line":77,"column":null}},"type":"binary-expr","locations":[{"start":{"line":77,"column":12},"end":{"line":77,"column":null}},{"start":{"line":77,"column":12},"end":{"line":77,"column":null}}],"line":77},"3":{"loc":{"start":{"line":92,"column":9},"end":{"line":92,"column":null}},"type":"binary-expr","locations":[{"start":{"line":92,"column":9},"end":{"line":92,"column":38}},{"start":{"line":92,"column":38},"end":{"line":92,"column":null}}],"line":92},"4":{"loc":{"start":{"line":99,"column":9},"end":{"line":99,"column":null}},"type":"binary-expr","locations":[{"start":{"line":99,"column":9},"end":{"line":99,"column":38}},{"start":{"line":99,"column":38},"end":{"line":99,"column":null}}],"line":99},"5":{"loc":{"start":{"line":106,"column":9},"end":{"line":106,"column":null}},"type":"binary-expr","locations":[{"start":{"line":106,"column":9},"end":{"line":106,"column":38}},{"start":{"line":106,"column":38},"end":{"line":106,"column":null}}],"line":106},"6":{"loc":{"start":{"line":113,"column":9},"end":{"line":113,"column":null}},"type":"binary-expr","locations":[{"start":{"line":113,"column":9},"end":{"line":113,"column":38}},{"start":{"line":113,"column":38},"end":{"line":113,"column":null}}],"line":113},"7":{"loc":{"start":{"line":120,"column":9},"end":{"line":120,"column":null}},"type":"binary-expr","locations":[{"start":{"line":120,"column":9},"end":{"line":120,"column":38}},{"start":{"line":120,"column":38},"end":{"line":120,"column":null}}],"line":120},"8":{"loc":{"start":{"line":127,"column":9},"end":{"line":127,"column":null}},"type":"binary-expr","locations":[{"start":{"line":127,"column":9},"end":{"line":127,"column":38}},{"start":{"line":127,"column":38},"end":{"line":127,"column":null}}],"line":127},"9":{"loc":{"start":{"line":134,"column":9},"end":{"line":134,"column":null}},"type":"binary-expr","locations":[{"start":{"line":134,"column":9},"end":{"line":134,"column":38}},{"start":{"line":134,"column":38},"end":{"line":134,"column":null}}],"line":134},"10":{"loc":{"start":{"line":141,"column":9},"end":{"line":141,"column":null}},"type":"binary-expr","locations":[{"start":{"line":141,"column":9},"end":{"line":141,"column":38}},{"start":{"line":141,"column":38},"end":{"line":141,"column":null}}],"line":141},"11":{"loc":{"start":{"line":148,"column":9},"end":{"line":148,"column":null}},"type":"binary-expr","locations":[{"start":{"line":148,"column":9},"end":{"line":148,"column":38}},{"start":{"line":148,"column":38},"end":{"line":148,"column":null}}],"line":148},"12":{"loc":{"start":{"line":155,"column":9},"end":{"line":155,"column":null}},"type":"binary-expr","locations":[{"start":{"line":155,"column":9},"end":{"line":155,"column":38}},{"start":{"line":155,"column":38},"end":{"line":155,"column":null}}],"line":155},"13":{"loc":{"start":{"line":162,"column":9},"end":{"line":162,"column":null}},"type":"binary-expr","locations":[{"start":{"line":162,"column":9},"end":{"line":162,"column":38}},{"start":{"line":162,"column":38},"end":{"line":162,"column":null}}],"line":162},"14":{"loc":{"start":{"line":186,"column":2},"end":{"line":186,"column":null}},"type":"if","locations":[{"start":{"line":186,"column":2},"end":{"line":186,"column":null}},{"start":{},"end":{}}],"line":186},"15":{"loc":{"start":{"line":187,"column":2},"end":{"line":187,"column":null}},"type":"if","locations":[{"start":{"line":187,"column":2},"end":{"line":187,"column":null}},{"start":{},"end":{}}],"line":187},"16":{"loc":{"start":{"line":208,"column":2},"end":{"line":208,"column":null}},"type":"if","locations":[{"start":{"line":208,"column":2},"end":{"line":208,"column":null}},{"start":{},"end":{}}],"line":208},"17":{"loc":{"start":{"line":209,"column":2},"end":{"line":209,"column":null}},"type":"if","locations":[{"start":{"line":209,"column":2},"end":{"line":209,"column":null}},{"start":{},"end":{}}],"line":209}},"s":{"0":5,"1":5,"2":5,"3":5,"4":5,"5":5,"6":5,"7":5,"8":5,"9":5,"10":5,"11":5,"12":5,"13":5,"14":5,"15":5,"16":5,"17":12,"18":9,"19":6,"20":8,"21":9,"22":2,"23":2,"24":7,"25":2,"26":2,"27":8,"28":5,"29":10,"30":10,"31":10,"32":4,"33":6,"34":3,"35":3,"36":5,"37":10,"38":10,"39":10,"40":4,"41":6,"42":3,"43":3},"f":{"0":5,"1":5,"2":5,"3":12,"4":9,"5":6,"6":8,"7":9,"8":2,"9":2,"10":7,"11":2,"12":2,"13":8,"14":10,"15":10},"b":{"0":[5,5],"1":[5,5],"2":[5,5],"3":[12,8],"4":[9,8],"5":[6,4],"6":[8,6],"7":[9,8],"8":[2,2],"9":[2,1],"10":[7,6],"11":[2,2],"12":[2,2],"13":[8,7],"14":[4,6],"15":[3,3],"16":[4,6],"17":[3,3]},"meta":{"lastBranch":18,"lastFunction":16,"lastStatement":44,"seen":{"s:58:7:58:Infinity":0,"f:58:7:58:12":0,"s:59:2:59:Infinity":1,"s:60:2:60:Infinity":2,"s:61:2:61:Infinity":3,"s:58:12:58:Infinity":4,"b:58:12:58:Infinity:58:12:58:Infinity":0,"s:67:7:67:Infinity":5,"f:67:7:67:12":1,"s:68:2:68:Infinity":6,"s:69:2:69:Infinity":7,"s:70:2:70:Infinity":8,"s:71:2:71:Infinity":9,"s:67:12:67:Infinity":10,"b:67:12:67:Infinity:67:12:67:Infinity":1,"s:77:7:77:Infinity":11,"f:77:7:77:12":2,"s:78:2:78:Infinity":12,"s:79:2:79:Infinity":13,"s:80:2:80:Infinity":14,"s:81:2:81:Infinity":15,"s:77:12:77:Infinity":16,"b:77:12:77:Infinity:77:12:77:Infinity":2,"f:91:16:91:24":3,"s:92:2:92:Infinity":17,"b:92:9:92:38:92:38:92:Infinity":3,"f:98:16:98:29":4,"s:99:2:99:Infinity":18,"b:99:9:99:38:99:38:99:Infinity":4,"f:105:16:105:33":5,"s:106:2:106:Infinity":19,"b:106:9:106:38:106:38:106:Infinity":5,"f:112:16:112:32":6,"s:113:2:113:Infinity":20,"b:113:9:113:38:113:38:113:Infinity":6,"f:119:16:119:27":7,"s:120:2:120:Infinity":21,"b:120:9:120:38:120:38:120:Infinity":7,"f:126:16:126:27":8,"s:127:2:127:Infinity":22,"b:127:9:127:38:127:38:127:Infinity":8,"f:133:16:133:30":9,"s:134:2:134:Infinity":23,"b:134:9:134:38:134:38:134:Infinity":9,"f:140:16:140:30":10,"s:141:2:141:Infinity":24,"b:141:9:141:38:141:38:141:Infinity":10,"f:147:16:147:32":11,"s:148:2:148:Infinity":25,"b:148:9:148:38:148:38:148:Infinity":11,"f:154:16:154:28":12,"s:155:2:155:Infinity":26,"b:155:9:155:38:155:38:155:Infinity":12,"f:161:16:161:37":13,"s:162:2:162:Infinity":27,"b:162:9:162:38:162:38:162:Infinity":13,"s:172:49:177:Infinity":28,"f:183:16:183:30":14,"s:184:17:184:Infinity":29,"s:185:17:185:Infinity":30,"b:186:2:186:Infinity:undefined:undefined:undefined:undefined":14,"s:186:2:186:Infinity":31,"s:186:23:186:Infinity":32,"b:187:2:187:Infinity:undefined:undefined:undefined:undefined":15,"s:187:2:187:Infinity":33,"s:187:23:187:Infinity":34,"s:188:2:188:Infinity":35,"s:194:59:199:Infinity":36,"f:205:16:205:34":15,"s:206:17:206:Infinity":37,"s:207:17:207:Infinity":38,"b:208:2:208:Infinity:undefined:undefined:undefined:undefined":16,"s:208:2:208:Infinity":39,"s:208:23:208:Infinity":40,"b:209:2:209:Infinity:undefined:undefined:undefined:undefined":17,"s:209:2:209:Infinity":41,"s:209:23:209:Infinity":42,"s:210:2:210:Infinity":43}}}
,"E:\\Projects\\GitHubProjects\\EIA\\EIA\\src\\shared\\types\\value-objects\\background-generation-task.ts": {"path":"E:\\Projects\\GitHubProjects\\EIA\\EIA\\src\\shared\\types\\value-objects\\background-generation-task.ts","statementMap":{"0":{"start":{"line":34,"column":46},"end":{"line":43,"column":null}},"1":{"start":{"line":53,"column":17},"end":{"line":53,"column":null}},"2":{"start":{"line":54,"column":2},"end":{"line":54,"column":null}},"3":{"start":{"line":65,"column":2},"end":{"line":65,"column":null}},"4":{"start":{"line":72,"column":2},"end":{"line":72,"column":null}},"5":{"start":{"line":79,"column":2},"end":{"line":79,"column":null}},"6":{"start":{"line":86,"column":2},"end":{"line":86,"column":null}},"7":{"start":{"line":93,"column":2},"end":{"line":95,"column":null}},"8":{"start":{"line":94,"column":4},"end":{"line":94,"column":null}},"9":{"start":{"line":96,"column":2},"end":{"line":96,"column":null}}},"fnMap":{"0":{"name":"isBackgroundGenerationTask","decl":{"start":{"line":52,"column":16},"end":{"line":52,"column":43}},"loc":{"start":{"line":52,"column":94},"end":{"line":55,"column":null}},"line":52},"1":{"name":"isPending","decl":{"start":{"line":64,"column":16},"end":{"line":64,"column":26}},"loc":{"start":{"line":64,"column":67},"end":{"line":66,"column":null}},"line":64},"2":{"name":"isRunning","decl":{"start":{"line":71,"column":16},"end":{"line":71,"column":26}},"loc":{"start":{"line":71,"column":67},"end":{"line":73,"column":null}},"line":71},"3":{"name":"isCompleted","decl":{"start":{"line":78,"column":16},"end":{"line":78,"column":28}},"loc":{"start":{"line":78,"column":69},"end":{"line":80,"column":null}},"line":78},"4":{"name":"isFailed","decl":{"start":{"line":85,"column":16},"end":{"line":85,"column":25}},"loc":{"start":{"line":85,"column":66},"end":{"line":87,"column":null}},"line":85},"5":{"name":"getTaskDuration","decl":{"start":{"line":92,"column":16},"end":{"line":92,"column":32}},"loc":{"start":{"line":92,"column":79},"end":{"line":97,"column":null}},"line":92}},"branchMap":{"0":{"loc":{"start":{"line":93,"column":2},"end":{"line":95,"column":null}},"type":"if","locations":[{"start":{"line":93,"column":2},"end":{"line":95,"column":null}},{"start":{},"end":{}}],"line":93}},"s":{"0":1,"1":3,"2":3,"3":2,"4":2,"5":2,"6":2,"7":3,"8":1,"9":2},"f":{"0":3,"1":2,"2":2,"3":2,"4":2,"5":3},"b":{"0":[1,2]},"meta":{"lastBranch":1,"lastFunction":6,"lastStatement":10,"seen":{"s:34:46:43:Infinity":0,"f:52:16:52:43":0,"s:53:17:53:Infinity":1,"s:54:2:54:Infinity":2,"f:64:16:64:26":1,"s:65:2:65:Infinity":3,"f:71:16:71:26":2,"s:72:2:72:Infinity":4,"f:78:16:78:28":3,"s:79:2:79:Infinity":5,"f:85:16:85:25":4,"s:86:2:86:Infinity":6,"f:92:16:92:32":5,"b:93:2:95:Infinity:undefined:undefined:undefined:undefined":0,"s:93:2:95:Infinity":7,"s:94:4:94:Infinity":8,"s:96:2:96:Infinity":9}}}
,"E:\\Projects\\GitHubProjects\\EIA\\EIA\\src\\shared\\types\\value-objects\\completion-condition.ts": {"path":"E:\\Projects\\GitHubProjects\\EIA\\EIA\\src\\shared\\types\\value-objects\\completion-condition.ts","statementMap":{"0":{"start":{"line":64,"column":44},"end":{"line":66,"column":null}},"1":{"start":{"line":71,"column":43},"end":{"line":74,"column":null}},"2":{"start":{"line":79,"column":35},"end":{"line":84,"column":null}},"3":{"start":{"line":89,"column":40},"end":{"line":92,"column":null}},"4":{"start":{"line":97,"column":41},"end":{"line":101,"column":null}},"5":{"start":{"line":111,"column":17},"end":{"line":111,"column":null}},"6":{"start":{"line":112,"column":2},"end":{"line":112,"column":null}},"7":{"start":{"line":119,"column":2},"end":{"line":119,"column":null}},"8":{"start":{"line":126,"column":2},"end":{"line":126,"column":null}},"9":{"start":{"line":133,"column":2},"end":{"line":133,"column":null}},"10":{"start":{"line":144,"column":2},"end":{"line":146,"column":null}},"11":{"start":{"line":153,"column":2},"end":{"line":155,"column":null}},"12":{"start":{"line":154,"column":4},"end":{"line":154,"column":null}},"13":{"start":{"line":156,"column":2},"end":{"line":159,"column":null}},"14":{"start":{"line":166,"column":2},"end":{"line":168,"column":null}},"15":{"start":{"line":167,"column":4},"end":{"line":167,"column":null}},"16":{"start":{"line":169,"column":2},"end":{"line":172,"column":null}},"17":{"start":{"line":184,"column":2},"end":{"line":186,"column":null}},"18":{"start":{"line":185,"column":4},"end":{"line":185,"column":null}},"19":{"start":{"line":187,"column":2},"end":{"line":189,"column":null}},"20":{"start":{"line":188,"column":4},"end":{"line":188,"column":null}},"21":{"start":{"line":190,"column":2},"end":{"line":195,"column":null}}},"fnMap":{"0":{"name":"isCompletionCondition","decl":{"start":{"line":110,"column":16},"end":{"line":110,"column":38}},"loc":{"start":{"line":110,"column":84},"end":{"line":113,"column":null}},"line":110},"1":{"name":"isManualConfirmCondition","decl":{"start":{"line":118,"column":16},"end":{"line":118,"column":41}},"loc":{"start":{"line":118,"column":102},"end":{"line":120,"column":null}},"line":118},"2":{"name":"isMinDocumentsCondition","decl":{"start":{"line":125,"column":16},"end":{"line":125,"column":40}},"loc":{"start":{"line":125,"column":100},"end":{"line":127,"column":null}},"line":125},"3":{"name":"isChecklistCondition","decl":{"start":{"line":132,"column":16},"end":{"line":132,"column":37}},"loc":{"start":{"line":132,"column":94},"end":{"line":134,"column":null}},"line":132},"4":{"name":"createManualConfirmCondition","decl":{"start":{"line":143,"column":16},"end":{"line":143,"column":71}},"loc":{"start":{"line":143,"column":71},"end":{"line":147,"column":null}},"line":143},"5":{"name":"createMinDocumentsCondition","decl":{"start":{"line":152,"column":16},"end":{"line":152,"column":44}},"loc":{"start":{"line":152,"column":89},"end":{"line":160,"column":null}},"line":152},"6":{"name":"createChecklistCondition","decl":{"start":{"line":165,"column":16},"end":{"line":165,"column":41}},"loc":{"start":{"line":165,"column":85},"end":{"line":173,"column":null}},"line":165},"7":{"name":"createChecklistItem","decl":{"start":{"line":178,"column":16},"end":{"line":178,"column":null}},"loc":{"start":{"line":183,"column":17},"end":{"line":196,"column":null}},"line":183}},"branchMap":{"0":{"loc":{"start":{"line":153,"column":2},"end":{"line":155,"column":null}},"type":"if","locations":[{"start":{"line":153,"column":2},"end":{"line":155,"column":null}},{"start":{},"end":{}}],"line":153},"1":{"loc":{"start":{"line":166,"column":2},"end":{"line":168,"column":null}},"type":"if","locations":[{"start":{"line":166,"column":2},"end":{"line":168,"column":null}},{"start":{},"end":{}}],"line":166},"2":{"loc":{"start":{"line":184,"column":2},"end":{"line":186,"column":null}},"type":"if","locations":[{"start":{"line":184,"column":2},"end":{"line":186,"column":null}},{"start":{},"end":{}}],"line":184},"3":{"loc":{"start":{"line":187,"column":2},"end":{"line":189,"column":null}},"type":"if","locations":[{"start":{"line":187,"column":2},"end":{"line":189,"column":null}},{"start":{},"end":{}}],"line":187}},"s":{"0":1,"1":1,"2":1,"3":1,"4":1,"5":6,"6":6,"7":3,"8":3,"9":3,"10":2,"11":4,"12":2,"13":2,"14":3,"15":1,"16":2,"17":8,"18":2,"19":6,"20":1,"21":5},"f":{"0":6,"1":3,"2":3,"3":3,"4":2,"5":4,"6":3,"7":8},"b":{"0":[2,2],"1":[1,2],"2":[2,6],"3":[1,5]},"meta":{"lastBranch":4,"lastFunction":8,"lastStatement":22,"seen":{"s:64:44:66:Infinity":0,"s:71:43:74:Infinity":1,"s:79:35:84:Infinity":2,"s:89:40:92:Infinity":3,"s:97:41:101:Infinity":4,"f:110:16:110:38":0,"s:111:17:111:Infinity":5,"s:112:2:112:Infinity":6,"f:118:16:118:41":1,"s:119:2:119:Infinity":7,"f:125:16:125:40":2,"s:126:2:126:Infinity":8,"f:132:16:132:37":3,"s:133:2:133:Infinity":9,"f:143:16:143:71":4,"s:144:2:146:Infinity":10,"f:152:16:152:44":5,"b:153:2:155:Infinity:undefined:undefined:undefined:undefined":0,"s:153:2:155:Infinity":11,"s:154:4:154:Infinity":12,"s:156:2:159:Infinity":13,"f:165:16:165:41":6,"b:166:2:168:Infinity:undefined:undefined:undefined:undefined":1,"s:166:2:168:Infinity":14,"s:167:4:167:Infinity":15,"s:169:2:172:Infinity":16,"f:178:16:178:Infinity":7,"b:184:2:186:Infinity:undefined:undefined:undefined:undefined":2,"s:184:2:186:Infinity":17,"s:185:4:185:Infinity":18,"b:187:2:189:Infinity:undefined:undefined:undefined:undefined":3,"s:187:2:189:Infinity":19,"s:188:4:188:Infinity":20,"s:190:2:195:Infinity":21}}}
,"E:\\Projects\\GitHubProjects\\EIA\\EIA\\src\\shared\\types\\value-objects\\impact-assessment.ts": {"path":"E:\\Projects\\GitHubProjects\\EIA\\EIA\\src\\shared\\types\\value-objects\\impact-assessment.ts","statementMap":{"0":{"start":{"line":51,"column":38},"end":{"line":57,"column":null}},"1":{"start":{"line":62,"column":34},"end":{"line":67,"column":null}},"2":{"start":{"line":72,"column":38},"end":{"line":77,"column":null}},"3":{"start":{"line":87,"column":17},"end":{"line":87,"column":null}},"4":{"start":{"line":88,"column":2},"end":{"line":88,"column":null}},"5":{"start":{"line":99,"column":2},"end":{"line":101,"column":null}},"6":{"start":{"line":100,"column":4},"end":{"line":100,"column":null}},"7":{"start":{"line":100,"column":35},"end":{"line":100,"column":72}},"8":{"start":{"line":108,"column":2},"end":{"line":108,"column":null}},"9":{"start":{"line":115,"column":2},"end":{"line":117,"column":null}},"10":{"start":{"line":116,"column":4},"end":{"line":116,"column":null}},"11":{"start":{"line":116,"column":35},"end":{"line":116,"column":75}},"12":{"start":{"line":124,"column":2},"end":{"line":126,"column":null}},"13":{"start":{"line":125,"column":4},"end":{"line":125,"column":null}},"14":{"start":{"line":125,"column":35},"end":{"line":125,"column":72}},"15":{"start":{"line":133,"column":2},"end":{"line":133,"column":null}},"16":{"start":{"line":140,"column":2},"end":{"line":140,"column":null}},"17":{"start":{"line":147,"column":2},"end":{"line":147,"column":null}},"18":{"start":{"line":147,"column":58},"end":{"line":147,"column":89}},"19":{"start":{"line":154,"column":2},"end":{"line":156,"column":null}},"20":{"start":{"line":155,"column":4},"end":{"line":155,"column":null}},"21":{"start":{"line":155,"column":35},"end":{"line":155,"column":62}},"22":{"start":{"line":163,"column":2},"end":{"line":167,"column":null}}},"fnMap":{"0":{"name":"isImpactAssessment","decl":{"start":{"line":86,"column":16},"end":{"line":86,"column":35}},"loc":{"start":{"line":86,"column":78},"end":{"line":89,"column":null}},"line":86},"1":{"name":"getHighImpactDocuments","decl":{"start":{"line":98,"column":16},"end":{"line":98,"column":39}},"loc":{"start":{"line":98,"column":89},"end":{"line":102,"column":null}},"line":98},"2":{"name":"(anonymous_2)","decl":{"start":{"line":99,"column":42},"end":{"line":99,"column":43}},"loc":{"start":{"line":100,"column":4},"end":{"line":100,"column":null}},"line":100},"3":{"name":"(anonymous_3)","decl":{"start":{"line":100,"column":26},"end":{"line":100,"column":27}},"loc":{"start":{"line":100,"column":35},"end":{"line":100,"column":72}},"line":100},"4":{"name":"getMajorImpactDocuments","decl":{"start":{"line":107,"column":16},"end":{"line":107,"column":40}},"loc":{"start":{"line":107,"column":90},"end":{"line":109,"column":null}},"line":107},"5":{"name":"getModerateImpactDocuments","decl":{"start":{"line":114,"column":16},"end":{"line":114,"column":43}},"loc":{"start":{"line":114,"column":93},"end":{"line":118,"column":null}},"line":114},"6":{"name":"(anonymous_6)","decl":{"start":{"line":115,"column":42},"end":{"line":115,"column":43}},"loc":{"start":{"line":116,"column":4},"end":{"line":116,"column":null}},"line":116},"7":{"name":"(anonymous_7)","decl":{"start":{"line":116,"column":26},"end":{"line":116,"column":27}},"loc":{"start":{"line":116,"column":35},"end":{"line":116,"column":75}},"line":116},"8":{"name":"getMinorImpactDocuments","decl":{"start":{"line":123,"column":16},"end":{"line":123,"column":40}},"loc":{"start":{"line":123,"column":90},"end":{"line":127,"column":null}},"line":123},"9":{"name":"(anonymous_9)","decl":{"start":{"line":124,"column":42},"end":{"line":124,"column":43}},"loc":{"start":{"line":125,"column":4},"end":{"line":125,"column":null}},"line":125},"10":{"name":"(anonymous_10)","decl":{"start":{"line":125,"column":26},"end":{"line":125,"column":27}},"loc":{"start":{"line":125,"column":35},"end":{"line":125,"column":72}},"line":125},"11":{"name":"hasAnyIssues","decl":{"start":{"line":132,"column":16},"end":{"line":132,"column":29}},"loc":{"start":{"line":132,"column":68},"end":{"line":134,"column":null}},"line":132},"12":{"name":"getAffectedNodeCount","decl":{"start":{"line":139,"column":16},"end":{"line":139,"column":37}},"loc":{"start":{"line":139,"column":75},"end":{"line":141,"column":null}},"line":139},"13":{"name":"getAffectedDocumentCount","decl":{"start":{"line":146,"column":16},"end":{"line":146,"column":41}},"loc":{"start":{"line":146,"column":79},"end":{"line":148,"column":null}},"line":146},"14":{"name":"(anonymous_14)","decl":{"start":{"line":147,"column":41},"end":{"line":147,"column":42}},"loc":{"start":{"line":147,"column":58},"end":{"line":147,"column":89}},"line":147},"15":{"name":"getDocumentsWithIssues","decl":{"start":{"line":153,"column":16},"end":{"line":153,"column":39}},"loc":{"start":{"line":153,"column":89},"end":{"line":157,"column":null}},"line":153},"16":{"name":"(anonymous_16)","decl":{"start":{"line":154,"column":42},"end":{"line":154,"column":43}},"loc":{"start":{"line":155,"column":4},"end":{"line":155,"column":null}},"line":155},"17":{"name":"(anonymous_17)","decl":{"start":{"line":155,"column":26},"end":{"line":155,"column":27}},"loc":{"start":{"line":155,"column":35},"end":{"line":155,"column":62}},"line":155},"18":{"name":"getDocumentsByImpactLevel","decl":{"start":{"line":162,"column":16},"end":{"line":162,"column":42}},"loc":{"start":{"line":162,"column":113},"end":{"line":168,"column":null}},"line":162}},"branchMap":{},"s":{"0":1,"1":1,"2":1,"3":3,"4":3,"5":3,"6":6,"7":9,"8":2,"9":2,"10":4,"11":6,"12":2,"13":4,"14":6,"15":2,"16":2,"17":2,"18":2,"19":1,"20":2,"21":3,"22":1},"f":{"0":3,"1":3,"2":6,"3":9,"4":2,"5":2,"6":4,"7":6,"8":2,"9":4,"10":6,"11":2,"12":2,"13":2,"14":2,"15":1,"16":2,"17":3,"18":1},"b":{},"meta":{"lastBranch":0,"lastFunction":19,"lastStatement":23,"seen":{"s:51:38:57:Infinity":0,"s:62:34:67:Infinity":1,"s:72:38:77:Infinity":2,"f:86:16:86:35":0,"s:87:17:87:Infinity":3,"s:88:2:88:Infinity":4,"f:98:16:98:39":1,"s:99:2:101:Infinity":5,"f:99:42:99:43":2,"s:100:4:100:Infinity":6,"f:100:26:100:27":3,"s:100:35:100:72":7,"f:107:16:107:40":4,"s:108:2:108:Infinity":8,"f:114:16:114:43":5,"s:115:2:117:Infinity":9,"f:115:42:115:43":6,"s:116:4:116:Infinity":10,"f:116:26:116:27":7,"s:116:35:116:75":11,"f:123:16:123:40":8,"s:124:2:126:Infinity":12,"f:124:42:124:43":9,"s:125:4:125:Infinity":13,"f:125:26:125:27":10,"s:125:35:125:72":14,"f:132:16:132:29":11,"s:133:2:133:Infinity":15,"f:139:16:139:37":12,"s:140:2:140:Infinity":16,"f:146:16:146:41":13,"s:147:2:147:Infinity":17,"f:147:41:147:42":14,"s:147:58:147:89":18,"f:153:16:153:39":15,"s:154:2:156:Infinity":19,"f:154:42:154:43":16,"s:155:4:155:Infinity":20,"f:155:26:155:27":17,"s:155:35:155:62":21,"f:162:16:162:42":18,"s:163:2:167:Infinity":22}}}
,"E:\\Projects\\GitHubProjects\\EIA\\EIA\\src\\shared\\types\\value-objects\\input-document-ref.ts": {"path":"E:\\Projects\\GitHubProjects\\EIA\\EIA\\src\\shared\\types\\value-objects\\input-document-ref.ts","statementMap":{"0":{"start":{"line":30,"column":22},"end":{"line":30,"column":null}},"1":{"start":{"line":35,"column":38},"end":{"line":41,"column":null}},"2":{"start":{"line":51,"column":17},"end":{"line":51,"column":null}},"3":{"start":{"line":52,"column":2},"end":{"line":52,"column":null}},"4":{"start":{"line":69,"column":17},"end":{"line":75,"column":null}},"5":{"start":{"line":77,"column":2},"end":{"line":79,"column":null}},"6":{"start":{"line":78,"column":4},"end":{"line":78,"column":null}},"7":{"start":{"line":81,"column":2},"end":{"line":81,"column":null}}},"fnMap":{"0":{"name":"isInputDocumentRef","decl":{"start":{"line":50,"column":16},"end":{"line":50,"column":35}},"loc":{"start":{"line":50,"column":78},"end":{"line":53,"column":null}},"line":50},"1":{"name":"createInputDocumentRef","decl":{"start":{"line":62,"column":16},"end":{"line":62,"column":null}},"loc":{"start":{"line":68,"column":20},"end":{"line":82,"column":null}},"line":68}},"branchMap":{"0":{"loc":{"start":{"line":77,"column":2},"end":{"line":79,"column":null}},"type":"if","locations":[{"start":{"line":77,"column":2},"end":{"line":79,"column":null}},{"start":{},"end":{}}],"line":77}},"s":{"0":1,"1":1,"2":3,"3":3,"4":5,"5":5,"6":2,"7":3},"f":{"0":3,"1":5},"b":{"0":[2,3]},"meta":{"lastBranch":1,"lastFunction":2,"lastStatement":8,"seen":{"s:30:22:30:Infinity":0,"s:35:38:41:Infinity":1,"f:50:16:50:35":0,"s:51:17:51:Infinity":2,"s:52:2:52:Infinity":3,"f:62:16:62:Infinity":1,"s:69:17:75:Infinity":4,"b:77:2:79:Infinity:undefined:undefined:undefined:undefined":0,"s:77:2:79:Infinity":5,"s:78:4:78:Infinity":6,"s:81:2:81:Infinity":7}}}
,"E:\\Projects\\GitHubProjects\\EIA\\EIA\\src\\shared\\types\\value-objects\\prerequisite.ts": {"path":"E:\\Projects\\GitHubProjects\\EIA\\EIA\\src\\shared\\types\\value-objects\\prerequisite.ts","statementMap":{"0":{"start":{"line":34,"column":34},"end":{"line":39,"column":null}},"1":{"start":{"line":49,"column":17},"end":{"line":49,"column":null}},"2":{"start":{"line":50,"column":2},"end":{"line":50,"column":null}},"3":{"start":{"line":61,"column":2},"end":{"line":63,"column":null}},"4":{"start":{"line":62,"column":19},"end":{"line":62,"column":40}},"5":{"start":{"line":63,"column":18},"end":{"line":63,"column":29}},"6":{"start":{"line":70,"column":2},"end":{"line":70,"column":null}},"7":{"start":{"line":70,"column":37},"end":{"line":70,"column":74}},"8":{"start":{"line":77,"column":2},"end":{"line":77,"column":null}},"9":{"start":{"line":77,"column":37},"end":{"line":77,"column":58}},"10":{"start":{"line":84,"column":2},"end":{"line":84,"column":null}},"11":{"start":{"line":84,"column":37},"end":{"line":84,"column":48}},"12":{"start":{"line":97,"column":19},"end":{"line":97,"column":null}},"13":{"start":{"line":97,"column":47},"end":{"line":97,"column":68}},"14":{"start":{"line":98,"column":19},"end":{"line":98,"column":null}},"15":{"start":{"line":98,"column":47},"end":{"line":98,"column":68}},"16":{"start":{"line":99,"column":20},"end":{"line":99,"column":null}},"17":{"start":{"line":99,"column":48},"end":{"line":99,"column":59}},"18":{"start":{"line":101,"column":2},"end":{"line":107,"column":null}}},"fnMap":{"0":{"name":"isPrerequisite","decl":{"start":{"line":48,"column":16},"end":{"line":48,"column":31}},"loc":{"start":{"line":48,"column":70},"end":{"line":51,"column":null}},"line":48},"1":{"name":"areAllRequiredPrerequisitesSatisfied","decl":{"start":{"line":60,"column":16},"end":{"line":60,"column":53}},"loc":{"start":{"line":60,"column":93},"end":{"line":64,"column":null}},"line":60},"2":{"name":"(anonymous_2)","decl":{"start":{"line":62,"column":12},"end":{"line":62,"column":13}},"loc":{"start":{"line":62,"column":19},"end":{"line":62,"column":40}},"line":62},"3":{"name":"(anonymous_3)","decl":{"start":{"line":63,"column":11},"end":{"line":63,"column":12}},"loc":{"start":{"line":63,"column":18},"end":{"line":63,"column":29}},"line":63},"4":{"name":"getUnsatisfiedRequiredPrerequisites","decl":{"start":{"line":69,"column":16},"end":{"line":69,"column":52}},"loc":{"start":{"line":69,"column":99},"end":{"line":71,"column":null}},"line":69},"5":{"name":"(anonymous_5)","decl":{"start":{"line":70,"column":30},"end":{"line":70,"column":31}},"loc":{"start":{"line":70,"column":37},"end":{"line":70,"column":74}},"line":70},"6":{"name":"getOptionalPrerequisites","decl":{"start":{"line":76,"column":16},"end":{"line":76,"column":41}},"loc":{"start":{"line":76,"column":88},"end":{"line":78,"column":null}},"line":76},"7":{"name":"(anonymous_7)","decl":{"start":{"line":77,"column":30},"end":{"line":77,"column":31}},"loc":{"start":{"line":77,"column":37},"end":{"line":77,"column":58}},"line":77},"8":{"name":"getSatisfiedPrerequisites","decl":{"start":{"line":83,"column":16},"end":{"line":83,"column":42}},"loc":{"start":{"line":83,"column":89},"end":{"line":85,"column":null}},"line":83},"9":{"name":"(anonymous_9)","decl":{"start":{"line":84,"column":30},"end":{"line":84,"column":31}},"loc":{"start":{"line":84,"column":37},"end":{"line":84,"column":48}},"line":84},"10":{"name":"getPrerequisiteCount","decl":{"start":{"line":90,"column":16},"end":{"line":90,"column":37}},"loc":{"start":{"line":96,"column":2},"end":{"line":108,"column":null}},"line":96},"11":{"name":"(anonymous_11)","decl":{"start":{"line":97,"column":40},"end":{"line":97,"column":41}},"loc":{"start":{"line":97,"column":47},"end":{"line":97,"column":68}},"line":97},"12":{"name":"(anonymous_12)","decl":{"start":{"line":98,"column":40},"end":{"line":98,"column":41}},"loc":{"start":{"line":98,"column":47},"end":{"line":98,"column":68}},"line":98},"13":{"name":"(anonymous_13)","decl":{"start":{"line":99,"column":41},"end":{"line":99,"column":42}},"loc":{"start":{"line":99,"column":48},"end":{"line":99,"column":59}},"line":99}},"branchMap":{"0":{"loc":{"start":{"line":70,"column":37},"end":{"line":70,"column":74}},"type":"binary-expr","locations":[{"start":{"line":70,"column":37},"end":{"line":70,"column":62}},{"start":{"line":70,"column":62},"end":{"line":70,"column":74}}],"line":70}},"s":{"0":1,"1":4,"2":4,"3":4,"4":10,"5":4,"6":3,"7":8,"8":2,"9":6,"10":2,"11":8,"12":2,"13":4,"14":2,"15":4,"16":2,"17":4,"18":2},"f":{"0":4,"1":4,"2":10,"3":4,"4":3,"5":8,"6":2,"7":6,"8":2,"9":8,"10":2,"11":4,"12":4,"13":4},"b":{"0":[8,4]},"meta":{"lastBranch":1,"lastFunction":14,"lastStatement":19,"seen":{"s:34:34:39:Infinity":0,"f:48:16:48:31":0,"s:49:17:49:Infinity":1,"s:50:2:50:Infinity":2,"f:60:16:60:53":1,"s:61:2:63:Infinity":3,"f:62:12:62:13":2,"s:62:19:62:40":4,"f:63:11:63:12":3,"s:63:18:63:29":5,"f:69:16:69:52":4,"s:70:2:70:Infinity":6,"f:70:30:70:31":5,"s:70:37:70:74":7,"b:70:37:70:62:70:62:70:74":0,"f:76:16:76:41":6,"s:77:2:77:Infinity":8,"f:77:30:77:31":7,"s:77:37:77:58":9,"f:83:16:83:42":8,"s:84:2:84:Infinity":10,"f:84:30:84:31":9,"s:84:37:84:48":11,"f:90:16:90:37":10,"s:97:19:97:Infinity":12,"f:97:40:97:41":11,"s:97:47:97:68":13,"s:98:19:98:Infinity":14,"f:98:40:98:41":12,"s:98:47:98:68":15,"s:99:20:99:Infinity":16,"f:99:41:99:42":13,"s:99:48:99:59":17,"s:101:2:107:Infinity":18}}}
,"E:\\Projects\\GitHubProjects\\EIA\\EIA\\src\\shared\\types\\value-objects\\trigger-source.ts": {"path":"E:\\Projects\\GitHubProjects\\EIA\\EIA\\src\\shared\\types\\value-objects\\trigger-source.ts","statementMap":{"0":{"start":{"line":29,"column":22},"end":{"line":29,"column":null}},"1":{"start":{"line":34,"column":35},"end":{"line":39,"column":null}},"2":{"start":{"line":49,"column":17},"end":{"line":49,"column":null}},"3":{"start":{"line":50,"column":2},"end":{"line":50,"column":null}},"4":{"start":{"line":66,"column":17},"end":{"line":71,"column":null}},"5":{"start":{"line":73,"column":2},"end":{"line":75,"column":null}},"6":{"start":{"line":74,"column":4},"end":{"line":74,"column":null}},"7":{"start":{"line":77,"column":2},"end":{"line":77,"column":null}},"8":{"start":{"line":88,"column":2},"end":{"line":88,"column":null}},"9":{"start":{"line":95,"column":16},"end":{"line":95,"column":null}},"10":{"start":{"line":96,"column":2},"end":{"line":96,"column":null}},"11":{"start":{"line":103,"column":2},"end":{"line":105,"column":null}},"12":{"start":{"line":104,"column":4},"end":{"line":104,"column":null}},"13":{"start":{"line":106,"column":2},"end":{"line":106,"column":null}}},"fnMap":{"0":{"name":"isTriggerSource","decl":{"start":{"line":48,"column":16},"end":{"line":48,"column":32}},"loc":{"start":{"line":48,"column":72},"end":{"line":51,"column":null}},"line":48},"1":{"name":"createTriggerSource","decl":{"start":{"line":60,"column":16},"end":{"line":60,"column":null}},"loc":{"start":{"line":65,"column":17},"end":{"line":78,"column":null}},"line":65},"2":{"name":"isRollbackVersion","decl":{"start":{"line":87,"column":16},"end":{"line":87,"column":34}},"loc":{"start":{"line":87,"column":60},"end":{"line":89,"column":null}},"line":87},"3":{"name":"getVersionNumber","decl":{"start":{"line":94,"column":16},"end":{"line":94,"column":33}},"loc":{"start":{"line":94,"column":58},"end":{"line":97,"column":null}},"line":94},"4":{"name":"createRollbackVersion","decl":{"start":{"line":102,"column":16},"end":{"line":102,"column":38}},"loc":{"start":{"line":102,"column":63},"end":{"line":107,"column":null}},"line":102}},"branchMap":{"0":{"loc":{"start":{"line":73,"column":2},"end":{"line":75,"column":null}},"type":"if","locations":[{"start":{"line":73,"column":2},"end":{"line":75,"column":null}},{"start":{},"end":{}}],"line":73},"1":{"loc":{"start":{"line":96,"column":9},"end":{"line":96,"column":null}},"type":"cond-expr","locations":[{"start":{"line":96,"column":17},"end":{"line":96,"column":42}},{"start":{"line":96,"column":42},"end":{"line":96,"column":null}}],"line":96},"2":{"loc":{"start":{"line":103,"column":2},"end":{"line":105,"column":null}},"type":"if","locations":[{"start":{"line":103,"column":2},"end":{"line":105,"column":null}},{"start":{},"end":{}}],"line":103}},"s":{"0":1,"1":1,"2":4,"3":4,"4":4,"5":4,"6":2,"7":2,"8":8,"9":7,"10":7,"11":4,"12":2,"13":2},"f":{"0":4,"1":4,"2":8,"3":7,"4":4},"b":{"0":[2,2],"1":[5,2],"2":[2,2]},"meta":{"lastBranch":3,"lastFunction":5,"lastStatement":14,"seen":{"s:29:22:29:Infinity":0,"s:34:35:39:Infinity":1,"f:48:16:48:32":0,"s:49:17:49:Infinity":2,"s:50:2:50:Infinity":3,"f:60:16:60:Infinity":1,"s:66:17:71:Infinity":4,"b:73:2:75:Infinity:undefined:undefined:undefined:undefined":0,"s:73:2:75:Infinity":5,"s:74:4:74:Infinity":6,"s:77:2:77:Infinity":7,"f:87:16:87:34":2,"s:88:2:88:Infinity":8,"f:94:16:94:33":3,"s:95:16:95:Infinity":9,"s:96:2:96:Infinity":10,"b:96:17:96:42:96:42:96:Infinity":1,"f:102:16:102:38":4,"b:103:2:105:Infinity:undefined:undefined:undefined:undefined":2,"s:103:2:105:Infinity":11,"s:104:4:104:Infinity":12,"s:106:2:106:Infinity":13}}}
,"E:\\Projects\\GitHubProjects\\EIA\\EIA\\src\\shared\\types\\value-objects\\validation-issue.ts": {"path":"E:\\Projects\\GitHubProjects\\EIA\\EIA\\src\\shared\\types\\value-objects\\validation-issue.ts","statementMap":{"0":{"start":{"line":35,"column":37},"end":{"line":44,"column":null}},"1":{"start":{"line":54,"column":17},"end":{"line":54,"column":null}},"2":{"start":{"line":55,"column":2},"end":{"line":55,"column":null}},"3":{"start":{"line":66,"column":2},"end":{"line":66,"column":null}},"4":{"start":{"line":73,"column":2},"end":{"line":73,"column":null}},"5":{"start":{"line":80,"column":2},"end":{"line":80,"column":null}},"6":{"start":{"line":87,"column":2},"end":{"line":87,"column":null}}},"fnMap":{"0":{"name":"isValidationIssue","decl":{"start":{"line":53,"column":16},"end":{"line":53,"column":34}},"loc":{"start":{"line":53,"column":76},"end":{"line":56,"column":null}},"line":53},"1":{"name":"isResolved","decl":{"start":{"line":65,"column":16},"end":{"line":65,"column":27}},"loc":{"start":{"line":65,"column":60},"end":{"line":67,"column":null}},"line":65},"2":{"name":"isErrorIssue","decl":{"start":{"line":72,"column":16},"end":{"line":72,"column":29}},"loc":{"start":{"line":72,"column":62},"end":{"line":74,"column":null}},"line":72},"3":{"name":"isWarningIssue","decl":{"start":{"line":79,"column":16},"end":{"line":79,"column":31}},"loc":{"start":{"line":79,"column":64},"end":{"line":81,"column":null}},"line":79},"4":{"name":"isInfoIssue","decl":{"start":{"line":86,"column":16},"end":{"line":86,"column":28}},"loc":{"start":{"line":86,"column":61},"end":{"line":88,"column":null}},"line":86}},"branchMap":{"0":{"loc":{"start":{"line":66,"column":9},"end":{"line":66,"column":null}},"type":"binary-expr","locations":[{"start":{"line":66,"column":9},"end":{"line":66,"column":43}},{"start":{"line":66,"column":43},"end":{"line":66,"column":null}}],"line":66}},"s":{"0":1,"1":3,"2":3,"3":3,"4":2,"5":2,"6":2},"f":{"0":3,"1":3,"2":2,"3":2,"4":2},"b":{"0":[3,2]},"meta":{"lastBranch":1,"lastFunction":5,"lastStatement":7,"seen":{"s:35:37:44:Infinity":0,"f:53:16:53:34":0,"s:54:17:54:Infinity":1,"s:55:2:55:Infinity":2,"f:65:16:65:27":1,"s:66:2:66:Infinity":3,"b:66:9:66:43:66:43:66:Infinity":0,"f:72:16:72:29":2,"s:73:2:73:Infinity":4,"f:79:16:79:31":3,"s:80:2:80:Infinity":5,"f:86:16:86:28":4,"s:87:2:87:Infinity":6}}}
}
